# JRE version: OpenJDK Runtime Environment (8.0_362-b08) (build 1.8.0_362-b08)
# Java VM: OpenJDK 64-Bit Server VM (25.362-b08 mixed mode linux-amd64 )
Heap:
 PSYoungGen      total 45130240K, used 9425351K [0x00007fe213b00000, 0x00007fef69000000, 0x00007fef69000000)
  eden space 35131392K, 0% used [0x00007fe213b00000,0x00007fe213b00000,0x00007fea73f00000)
  from space 9998848K, 94% used [0x00007fea73f00000,0x00007fecb3371f38,0x00007fecd6380000)
  to   space 10793472K, 0% used [0x00007fecd6380000,0x00007fecd6380000,0x00007fef69000000)
 ParOldGen       total 66222080K, used 66163630K [0x00007fc769000000, 0x00007fd732e00000, 0x00007fe213b00000)
  object space 66222080K, 99% used [0x00007fc769000000,0x00007fd72f4eb9d8,0x00007fd732e00000)
 Metaspace       used 134180K, capacity 147766K, committed 167168K, reserved 167936K
GC Heap History (203 events):
Event: 1.390 GC heap before
{Heap before GC invocations=1 (full 0):
 PSYoungGen      total 611840K, used 230924K [0x00007fe213b00000, 0x00007fe23e580000, 0x00007fef69000000)
  eden space 524800K, 44% used [0x00007fe213b00000,0x00007fe221c833d0,0x00007fe233b80000)
  from space 87040K, 0% used [0x00007fe239080000,0x00007fe239080000,0x00007fe23e580000)
  to   space 87040K, 0% used [0x00007fe233b80000,0x00007fe233b80000,0x00007fe239080000)
 ParOldGen       total 1398272K, used 0K [0x00007fc769000000, 0x00007fc7be580000, 0x00007fe213b00000)
  object space 1398272K, 0% used [0x00007fc769000000,0x00007fc769000000,0x00007fc7be580000)
 Metaspace       used 20340K, capacity 21229K, committed 21248K, reserved 22528K
Event: 1.417 GC heap after
Heap after GC invocations=1 (full 0):
 PSYoungGen      total 611840K, used 16197K [0x00007fe213b00000, 0x00007fe25e600000, 0x00007fef69000000)
  eden space 524800K, 0% used [0x00007fe213b00000,0x00007fe213b00000,0x00007fe233b80000)
  from space 87040K, 18% used [0x00007fe233b80000,0x00007fe234b51668,0x00007fe239080000)
  to   space 87040K, 0% used [0x00007fe259100000,0x00007fe259100000,0x00007fe25e600000)
 ParOldGen       total 1398272K, used 32K [0x00007fc769000000, 0x00007fc7be580000, 0x00007fe213b00000)
  object space 1398272K, 0% used [0x00007fc769000000,0x00007fc769008000,0x00007fc7be580000)
 Metaspace       used 20340K, capacity 21229K, committed 21248K, reserved 22528K
}
Event: 1.417 GC heap before
{Heap before GC invocations=2 (full 1):
 PSYoungGen      total 611840K, used 16197K [0x00007fe213b00000, 0x00007fe25e600000, 0x00007fef69000000)
  eden space 524800K, 0% used [0x00007fe213b00000,0x00007fe213b00000,0x00007fe233b80000)
  from space 87040K, 18% used [0x00007fe233b80000,0x00007fe234b51668,0x00007fe239080000)
  to   space 87040K, 0% used [0x00007fe259100000,0x00007fe259100000,0x00007fe25e600000)
 ParOldGen       total 1398272K, used 32K [0x00007fc769000000, 0x00007fc7be580000, 0x00007fe213b00000)
  object space 1398272K, 0% used [0x00007fc769000000,0x00007fc769008000,0x00007fc7be580000)
 Metaspace       used 20340K, capacity 21229K, committed 21248K, reserved 22528K
Event: 1.461 GC heap after
Heap after GC invocations=2 (full 1):
 PSYoungGen      total 611840K, used 0K [0x00007fe213b00000, 0x00007fe25e600000, 0x00007fef69000000)
  eden space 524800K, 0% used [0x00007fe213b00000,0x00007fe213b00000,0x00007fe233b80000)
  from space 87040K, 0% used [0x00007fe233b80000,0x00007fe233b80000,0x00007fe239080000)
  to   space 87040K, 0% used [0x00007fe259100000,0x00007fe259100000,0x00007fe25e600000)
 ParOldGen       total 867840K, used 14833K [0x00007fc769000000, 0x00007fc79df80000, 0x00007fe213b00000)
  object space 867840K, 1% used [0x00007fc769000000,0x00007fc769e7c678,0x00007fc79df80000)
 Metaspace       used 20340K, capacity 21229K, committed 21248K, reserved 22528K
}
Event: 2.539 GC heap before
{Heap before GC invocations=3 (full 1):
 PSYoungGen      total 611840K, used 225675K [0x00007fe213b00000, 0x00007fe25e600000, 0x00007fef69000000)
  eden space 524800K, 43% used [0x00007fe213b00000,0x00007fe221762c80,0x00007fe233b80000)
  from space 87040K, 0% used [0x00007fe233b80000,0x00007fe233b80000,0x00007fe239080000)
  to   space 87040K, 0% used [0x00007fe259100000,0x00007fe259100000,0x00007fe25e600000)
 ParOldGen       total 867840K, used 14833K [0x00007fc769000000, 0x00007fc79df80000, 0x00007fe213b00000)
  object space 867840K, 1% used [0x00007fc769000000,0x00007fc769e7c678,0x00007fc79df80000)
 Metaspace       used 33612K, capacity 35360K, committed 35416K, reserved 36864K
Event: 2.559 GC heap after
Heap after GC invocations=3 (full 1):
 PSYoungGen      total 737280K, used 16565K [0x00007fe213b00000, 0x00007fe25a180000, 0x00007fef69000000)
  eden space 720384K, 0% used [0x00007fe213b00000,0x00007fe213b00000,0x00007fe23fa80000)
  from space 16896K, 98% used [0x00007fe259100000,0x00007fe25a12d7b8,0x00007fe25a180000)
  to   space 87040K, 0% used [0x00007fe24f780000,0x00007fe24f780000,0x00007fe254c80000)
 ParOldGen       total 867840K, used 14841K [0x00007fc769000000, 0x00007fc79df80000, 0x00007fe213b00000)
  object space 867840K, 1% used [0x00007fc769000000,0x00007fc769e7e678,0x00007fc79df80000)
 Metaspace       used 33612K, capacity 35360K, committed 35416K, reserved 36864K
}
Event: 2.559 GC heap before
{Heap before GC invocations=4 (full 2):
 PSYoungGen      total 737280K, used 16565K [0x00007fe213b00000, 0x00007fe25a180000, 0x00007fef69000000)
  eden space 720384K, 0% used [0x00007fe213b00000,0x00007fe213b00000,0x00007fe23fa80000)
  from space 16896K, 98% used [0x00007fe259100000,0x00007fe25a12d7b8,0x00007fe25a180000)
  to   space 87040K, 0% used [0x00007fe24f780000,0x00007fe24f780000,0x00007fe254c80000)
 ParOldGen       total 867840K, used 14841K [0x00007fc769000000, 0x00007fc79df80000, 0x00007fe213b00000)
  object space 867840K, 1% used [0x00007fc769000000,0x00007fc769e7e678,0x00007fc79df80000)
 Metaspace       used 33612K, capacity 35360K, committed 35416K, reserved 36864K
Event: 2.608 GC heap after
Heap after GC invocations=4 (full 2):
 PSYoungGen      total 737280K, used 0K [0x00007fe213b00000, 0x00007fe25a180000, 0x00007fef69000000)
  eden space 720384K, 0% used [0x00007fe213b00000,0x00007fe213b00000,0x00007fe23fa80000)
  from space 16896K, 0% used [0x00007fe259100000,0x00007fe259100000,0x00007fe25a180000)
  to   space 87040K, 0% used [0x00007fe24f780000,0x00007fe24f780000,0x00007fe254c80000)
 ParOldGen       total 1443840K, used 21826K [0x00007fc769000000, 0x00007fc7c1200000, 0x00007fe213b00000)
  object space 1443840K, 1% used [0x00007fc769000000,0x00007fc76a550898,0x00007fc7c1200000)
 Metaspace       used 33612K, capacity 35360K, committed 35416K, reserved 36864K
}
Event: 4.238 GC heap before
{Heap before GC invocations=5 (full 2):
 PSYoungGen      total 737280K, used 423612K [0x00007fe213b00000, 0x00007fe25a180000, 0x00007fef69000000)
  eden space 720384K, 58% used [0x00007fe213b00000,0x00007fe22d8af190,0x00007fe23fa80000)
  from space 16896K, 0% used [0x00007fe259100000,0x00007fe259100000,0x00007fe25a180000)
  to   space 87040K, 0% used [0x00007fe24f780000,0x00007fe24f780000,0x00007fe254c80000)
 ParOldGen       total 1443840K, used 21826K [0x00007fc769000000, 0x00007fc7c1200000, 0x00007fe213b00000)
  object space 1443840K, 1% used [0x00007fc769000000,0x00007fc76a550898,0x00007fc7c1200000)
 Metaspace       used 56115K, capacity 59025K, committed 59028K, reserved 59392K
Event: 4.274 GC heap after
Heap after GC invocations=5 (full 2):
 PSYoungGen      total 996352K, used 30463K [0x00007fe213b00000, 0x00007fe259400000, 0x00007fef69000000)
  eden space 965632K, 0% used [0x00007fe213b00000,0x00007fe213b00000,0x00007fe24ea00000)
  from space 30720K, 99% used [0x00007fe24f780000,0x00007fe25153ffd8,0x00007fe251580000)
  to   space 87040K, 0% used [0x00007fe253f00000,0x00007fe253f00000,0x00007fe259400000)
 ParOldGen       total 1443840K, used 21842K [0x00007fc769000000, 0x00007fc7c1200000, 0x00007fe213b00000)
  object space 1443840K, 1% used [0x00007fc769000000,0x00007fc76a554898,0x00007fc7c1200000)
 Metaspace       used 56115K, capacity 59025K, committed 59028K, reserved 59392K
}
Event: 4.274 GC heap before
{Heap before GC invocations=6 (full 3):
 PSYoungGen      total 996352K, used 30463K [0x00007fe213b00000, 0x00007fe259400000, 0x00007fef69000000)
  eden space 965632K, 0% used [0x00007fe213b00000,0x00007fe213b00000,0x00007fe24ea00000)
  from space 30720K, 99% used [0x00007fe24f780000,0x00007fe25153ffd8,0x00007fe251580000)
  to   space 87040K, 0% used [0x00007fe253f00000,0x00007fe253f00000,0x00007fe259400000)
 ParOldGen       total 1443840K, used 21842K [0x00007fc769000000, 0x00007fc7c1200000, 0x00007fe213b00000)
  object space 1443840K, 1% used [0x00007fc769000000,0x00007fc76a554898,0x00007fc7c1200000)
 Metaspace       used 56115K, capacity 59025K, committed 59028K, reserved 59392K
Event: 4.417 GC heap after
Heap after GC invocations=6 (full 3):
 PSYoungGen      total 996352K, used 0K [0x00007fe213b00000, 0x00007fe259400000, 0x00007fef69000000)
  eden space 965632K, 0% used [0x00007fe213b00000,0x00007fe213b00000,0x00007fe24ea00000)
  from space 30720K, 0% used [0x00007fe24f780000,0x00007fe24f780000,0x00007fe251580000)
  to   space 87040K, 0% used [0x00007fe253f00000,0x00007fe253f00000,0x00007fe259400000)
 ParOldGen       total 2085376K, used 40146K [0x00007fc769000000, 0x00007fc7e8480000, 0x00007fe213b00000)
  object space 2085376K, 1% used [0x00007fc769000000,0x00007fc76b734b48,0x00007fc7e8480000)
 Metaspace       used 56087K, capacity 58950K, committed 59028K, reserved 59392K
}
Event: 7.289 GC heap before
{Heap before GC invocations=7 (full 3):
 PSYoungGen      total 996352K, used 670832K [0x00007fe213b00000, 0x00007fe259400000, 0x00007fef69000000)
  eden space 965632K, 69% used [0x00007fe213b00000,0x00007fe23ca1c358,0x00007fe24ea00000)
  from space 30720K, 0% used [0x00007fe24f780000,0x00007fe24f780000,0x00007fe251580000)
  to   space 87040K, 0% used [0x00007fe253f00000,0x00007fe253f00000,0x00007fe259400000)
 ParOldGen       total 2085376K, used 40146K [0x00007fc769000000, 0x00007fc7e8480000, 0x00007fe213b00000)
  object space 2085376K, 1% used [0x00007fc769000000,0x00007fc76b734b48,0x00007fc7e8480000)
 Metaspace       used 91239K, capacity 98325K, committed 98380K, reserved 100352K
Event: 7.383 GC heap after
Heap after GC invocations=7 (full 3):
 PSYoungGen      total 1052672K, used 41721K [0x00007fe213b00000, 0x00007fe26af00000, 0x00007fef69000000)
  eden space 965632K, 0% used [0x00007fe213b00000,0x00007fe213b00000,0x00007fe24ea00000)
  from space 87040K, 47% used [0x00007fe253f00000,0x00007fe2567be5f0,0x00007fe259400000)
  to   space 87040K, 0% used [0x00007fe24ea00000,0x00007fe24ea00000,0x00007fe253f00000)
 ParOldGen       total 2085376K, used 40154K [0x00007fc769000000, 0x00007fc7e8480000, 0x00007fe213b00000)
  object space 2085376K, 1% used [0x00007fc769000000,0x00007fc76b736b48,0x00007fc7e8480000)
 Metaspace       used 91239K, capacity 98325K, committed 98380K, reserved 100352K
}
Event: 7.383 GC heap before
{Heap before GC invocations=8 (full 4):
 PSYoungGen      total 1052672K, used 41721K [0x00007fe213b00000, 0x00007fe26af00000, 0x00007fef69000000)
  eden space 965632K, 0% used [0x00007fe213b00000,0x00007fe213b00000,0x00007fe24ea00000)
  from space 87040K, 47% used [0x00007fe253f00000,0x00007fe2567be5f0,0x00007fe259400000)
  to   space 87040K, 0% used [0x00007fe24ea00000,0x00007fe24ea00000,0x00007fe253f00000)
 ParOldGen       total 2085376K, used 40154K [0x00007fc769000000, 0x00007fc7e8480000, 0x00007fe213b00000)
  object space 2085376K, 1% used [0x00007fc769000000,0x00007fc76b736b48,0x00007fc7e8480000)
 Metaspace       used 91239K, capacity 98325K, committed 98380K, reserved 100352K
Event: 7.473 GC heap after
Heap after GC invocations=8 (full 4):
 PSYoungGen      total 1052672K, used 0K [0x00007fe213b00000, 0x00007fe26af00000, 0x00007fef69000000)
  eden space 965632K, 0% used [0x00007fe213b00000,0x00007fe213b00000,0x00007fe24ea00000)
  from space 87040K, 0% used [0x00007fe253f00000,0x00007fe253f00000,0x00007fe259400000)
  to   space 87040K, 0% used [0x00007fe24ea00000,0x00007fe24ea00000,0x00007fe253f00000)
 ParOldGen       total 2937856K, used 61946K [0x00007fc769000000, 0x00007fc81c500000, 0x00007fe213b00000)
  object space 2937856K, 2% used [0x00007fc769000000,0x00007fc76cc7e9f0,0x00007fc81c500000)
 Metaspace       used 91239K, capacity 98325K, committed 98380K, reserved 100352K
}
Event: 11.791 GC heap before
{Heap before GC invocations=9 (full 4):
 PSYoungGen      total 1052672K, used 965632K [0x00007fe213b00000, 0x00007fe26af00000, 0x00007fef69000000)
  eden space 965632K, 100% used [0x00007fe213b00000,0x00007fe24ea00000,0x00007fe24ea00000)
  from space 87040K, 0% used [0x00007fe253f00000,0x00007fe253f00000,0x00007fe259400000)
  to   space 87040K, 0% used [0x00007fe24ea00000,0x00007fe24ea00000,0x00007fe253f00000)
 ParOldGen       total 2937856K, used 61946K [0x00007fc769000000, 0x00007fc81c500000, 0x00007fe213b00000)
  object space 2937856K, 2% used [0x00007fc769000000,0x00007fc76cc7e9f0,0x00007fc81c500000)
 Metaspace       used 98986K, capacity 106664K, committed 106752K, reserved 108544K
Event: 11.862 GC heap after
Heap after GC invocations=9 (full 4):
 PSYoungGen      total 1052672K, used 30308K [0x00007fe213b00000, 0x00007fe266400000, 0x00007fef69000000)
  eden space 965632K, 0% used [0x00007fe213b00000,0x00007fe213b00000,0x00007fe24ea00000)
  from space 87040K, 34% used [0x00007fe24ea00000,0x00007fe2507991c8,0x00007fe253f00000)
  to   space 44032K, 0% used [0x00007fe263900000,0x00007fe263900000,0x00007fe266400000)
 ParOldGen       total 2937856K, used 61954K [0x00007fc769000000, 0x00007fc81c500000, 0x00007fe213b00000)
  object space 2937856K, 2% used [0x00007fc769000000,0x00007fc76cc809f0,0x00007fc81c500000)
 Metaspace       used 98986K, capacity 106664K, committed 106752K, reserved 108544K
}
Event: 15.827 GC heap before
{Heap before GC invocations=10 (full 4):
 PSYoungGen      total 1052672K, used 995940K [0x00007fe213b00000, 0x00007fe266400000, 0x00007fef69000000)
  eden space 965632K, 100% used [0x00007fe213b00000,0x00007fe24ea00000,0x00007fe24ea00000)
  from space 87040K, 34% used [0x00007fe24ea00000,0x00007fe2507991c8,0x00007fe253f00000)
  to   space 44032K, 0% used [0x00007fe263900000,0x00007fe263900000,0x00007fe266400000)
 ParOldGen       total 2937856K, used 61954K [0x00007fc769000000, 0x00007fc81c500000, 0x00007fe213b00000)
  object space 2937856K, 2% used [0x00007fc769000000,0x00007fc76cc809f0,0x00007fc81c500000)
 Metaspace       used 113109K, capacity 122264K, committed 122368K, reserved 122880K
Event: 15.952 GC heap after
Heap after GC invocations=10 (full 4):
 PSYoungGen      total 1302016K, used 43630K [0x00007fe213b00000, 0x00007fe268a00000, 0x00007fef69000000)
  eden space 1257984K, 0% used [0x00007fe213b00000,0x00007fe213b00000,0x00007fe260780000)
  from space 44032K, 99% used [0x00007fe263900000,0x00007fe26639b890,0x00007fe266400000)
  to   space 50688K, 0% used [0x00007fe260780000,0x00007fe260780000,0x00007fe263900000)
 ParOldGen       total 2937856K, used 61978K [0x00007fc769000000, 0x00007fc81c500000, 0x00007fe213b00000)
  object space 2937856K, 2% used [0x00007fc769000000,0x00007fc76cc869f0,0x00007fc81c500000)
 Metaspace       used 113109K, capacity 122264K, committed 122368K, reserved 122880K
}
Event: 17.740 GC heap before
{Heap before GC invocations=11 (full 4):
 PSYoungGen      total 1302016K, used 1301614K [0x00007fe213b00000, 0x00007fe268a00000, 0x00007fef69000000)
  eden space 1257984K, 100% used [0x00007fe213b00000,0x00007fe260780000,0x00007fe260780000)
  from space 44032K, 99% used [0x00007fe263900000,0x00007fe26639b890,0x00007fe266400000)
  to   space 50688K, 0% used [0x00007fe260780000,0x00007fe260780000,0x00007fe263900000)
 ParOldGen       total 2937856K, used 61978K [0x00007fc769000000, 0x00007fc81c500000, 0x00007fe213b00000)
  object space 2937856K, 2% used [0x00007fc769000000,0x00007fc76cc869f0,0x00007fc81c500000)
 Metaspace       used 120641K, capacity 138120K, committed 138240K, reserved 139264K
Event: 17.768 GC heap after
Heap after GC invocations=11 (full 4):
 PSYoungGen      total 1308672K, used 50678K [0x00007fe213b00000, 0x00007fe284700000, 0x00007fef69000000)
  eden space 1257984K, 0% used [0x00007fe213b00000,0x00007fe213b00000,0x00007fe260780000)
  from space 50688K, 99% used [0x00007fe260780000,0x00007fe2638fdb68,0x00007fe263900000)
  to   space 95232K, 0% used [0x00007fe27ea00000,0x00007fe27ea00000,0x00007fe284700000)
 ParOldGen       total 2937856K, used 135734K [0x00007fc769000000, 0x00007fc81c500000, 0x00007fe213b00000)
  object space 2937856K, 4% used [0x00007fc769000000,0x00007fc77148d930,0x00007fc81c500000)
 Metaspace       used 120641K, capacity 138120K, committed 138240K, reserved 139264K
}
Event: 18.968 GC heap before
{Heap before GC invocations=12 (full 4):
 PSYoungGen      total 1308672K, used 1308579K [0x00007fe213b00000, 0x00007fe284700000, 0x00007fef69000000)
  eden space 1257984K, 99% used [0x00007fe213b00000,0x00007fe26076b0c8,0x00007fe260780000)
  from space 50688K, 99% used [0x00007fe260780000,0x00007fe2638fdb68,0x00007fe263900000)
  to   space 95232K, 0% used [0x00007fe27ea00000,0x00007fe27ea00000,0x00007fe284700000)
 ParOldGen       total 2937856K, used 135734K [0x00007fc769000000, 0x00007fc81c500000, 0x00007fe213b00000)
  object space 2937856K, 4% used [0x00007fc769000000,0x00007fc77148d930,0x00007fc81c500000)
 Metaspace       used 129248K, capacity 151753K, committed 151808K, reserved 153600K
Event: 19.073 GC heap after
Heap after GC invocations=12 (full 4):
 PSYoungGen      total 1634816K, used 95226K [0x00007fe213b00000, 0x00007fe29c800000, 0x00007fef69000000)
  eden space 1539584K, 0% used [0x00007fe213b00000,0x00007fe213b00000,0x00007fe271a80000)
  from space 95232K, 99% used [0x00007fe27ea00000,0x00007fe2846feb60,0x00007fe284700000)
  to   space 212480K, 0% used [0x00007fe271a80000,0x00007fe271a80000,0x00007fe27ea00000)
 ParOldGen       total 2937856K, used 365212K [0x00007fc769000000, 0x00007fc81c500000, 0x00007fe213b00000)
  object space 2937856K, 12% used [0x00007fc769000000,0x00007fc77f4a70c8,0x00007fc81c500000)
 Metaspace       used 129248K, capacity 151753K, committed 151808K, reserved 153600K
}
Event: 20.111 GC heap before
{Heap before GC invocations=13 (full 4):
 PSYoungGen      total 1634816K, used 1634810K [0x00007fe213b00000, 0x00007fe29c800000, 0x00007fef69000000)
  eden space 1539584K, 100% used [0x00007fe213b00000,0x00007fe271a80000,0x00007fe271a80000)
  from space 95232K, 99% used [0x00007fe27ea00000,0x00007fe2846feb60,0x00007fe284700000)
  to   space 212480K, 0% used [0x00007fe271a80000,0x00007fe271a80000,0x00007fe27ea00000)
 ParOldGen       total 2937856K, used 365212K [0x00007fc769000000, 0x00007fc81c500000, 0x00007fe213b00000)
  object space 2937856K, 12% used [0x00007fc769000000,0x00007fc77f4a70c8,0x00007fc81c500000)
 Metaspace       used 133552K, capacity 156317K, committed 156416K, reserved 157696K
Event: 20.264 GC heap after
Heap after GC invocations=13 (full 4):
 PSYoungGen      total 1752064K, used 212468K [0x00007fe213b00000, 0x00007fe300180000, 0x00007fef69000000)
  eden space 1539584K, 0% used [0x00007fe213b00000,0x00007fe213b00000,0x00007fe271a80000)
  from space 212480K, 99% used [0x00007fe271a80000,0x00007fe27e9fd128,0x00007fe27ea00000)
  to   space 904704K, 0% used [0x00007fe2c8e00000,0x00007fe2c8e00000,0x00007fe300180000)
 ParOldGen       total 2937856K, used 1981717K [0x00007fc769000000, 0x00007fc81c500000, 0x00007fe213b00000)
  object space 2937856K, 67% used [0x00007fc769000000,0x00007fc7e1f45668,0x00007fc81c500000)
 Metaspace       used 133552K, capacity 156317K, committed 156416K, reserved 157696K
}
Event: 20.360 GC heap before
{Heap before GC invocations=14 (full 4):
 PSYoungGen      total 1752064K, used 1743596K [0x00007fe213b00000, 0x00007fe300180000, 0x00007fef69000000)
  eden space 1539584K, 99% used [0x00007fe213b00000,0x00007fe27123e1c8,0x00007fe271a80000)
  from space 212480K, 99% used [0x00007fe271a80000,0x00007fe27e9fd128,0x00007fe27ea00000)
  to   space 904704K, 0% used [0x00007fe2c8e00000,0x00007fe2c8e00000,0x00007fe300180000)
 ParOldGen       total 2937856K, used 1981717K [0x00007fc769000000, 0x00007fc81c500000, 0x00007fe213b00000)
  object space 2937856K, 67% used [0x00007fc769000000,0x00007fc7e1f45668,0x00007fc81c500000)
 Metaspace       used 133608K, capacity 156421K, committed 156672K, reserved 157696K
Event: 20.534 GC heap after
Heap after GC invocations=14 (full 4):
 PSYoungGen      total 2432000K, used 904673K [0x00007fe213b00000, 0x00007fe34fe80000, 0x00007fef69000000)
  eden space 1527296K, 0% used [0x00007fe213b00000,0x00007fe213b00000,0x00007fe270e80000)
  from space 904704K, 99% used [0x00007fe2c8e00000,0x00007fe3001787d8,0x00007fe300180000)
  to   space 1441280K, 0% used [0x00007fe270e80000,0x00007fe270e80000,0x00007fe2c8e00000)
 ParOldGen       total 2969600K, used 2967798K [0x00007fc769000000, 0x00007fc81e400000, 0x00007fe213b00000)
  object space 2969600K, 99% used [0x00007fc769000000,0x00007fc81e23d900,0x00007fc81e400000)
 Metaspace       used 133608K, capacity 156421K, committed 156672K, reserved 157696K
}
Event: 20.534 GC heap before
{Heap before GC invocations=15 (full 5):
 PSYoungGen      total 2432000K, used 904673K [0x00007fe213b00000, 0x00007fe34fe80000, 0x00007fef69000000)
  eden space 1527296K, 0% used [0x00007fe213b00000,0x00007fe213b00000,0x00007fe270e80000)
  from space 904704K, 99% used [0x00007fe2c8e00000,0x00007fe3001787d8,0x00007fe300180000)
  to   space 1441280K, 0% used [0x00007fe270e80000,0x00007fe270e80000,0x00007fe2c8e00000)
 ParOldGen       total 2969600K, used 2967798K [0x00007fc769000000, 0x00007fc81e400000, 0x00007fe213b00000)
  object space 2969600K, 99% used [0x00007fc769000000,0x00007fc81e23d900,0x00007fc81e400000)
 Metaspace       used 133608K, capacity 156421K, committed 156672K, reserved 157696K
Event: 21.173 GC heap after
Heap after GC invocations=15 (full 5):
 PSYoungGen      total 2432000K, used 0K [0x00007fe213b00000, 0x00007fe34fe80000, 0x00007fef69000000)
  eden space 1527296K, 0% used [0x00007fe213b00000,0x00007fe213b00000,0x00007fe270e80000)
  from space 904704K, 0% used [0x00007fe2c8e00000,0x00007fe2c8e00000,0x00007fe300180000)
  to   space 1441280K, 0% used [0x00007fe270e80000,0x00007fe270e80000,0x00007fe2c8e00000)
 ParOldGen       total 6986240K, used 2912860K [0x00007fc769000000, 0x00007fc913680000, 0x00007fe213b00000)
  object space 6986240K, 41% used [0x00007fc769000000,0x00007fc81ac973c0,0x00007fc913680000)
 Metaspace       used 122575K, capacity 132966K, committed 156672K, reserved 157696K
}
Event: 21.249 GC heap before
{Heap before GC invocations=16 (full 5):
 PSYoungGen      total 2432000K, used 1524480K [0x00007fe213b00000, 0x00007fe34fe80000, 0x00007fef69000000)
  eden space 1527296K, 99% used [0x00007fe213b00000,0x00007fe270bc01e8,0x00007fe270e80000)
  from space 904704K, 0% used [0x00007fe2c8e00000,0x00007fe2c8e00000,0x00007fe300180000)
  to   space 1441280K, 0% used [0x00007fe270e80000,0x00007fe270e80000,0x00007fe2c8e00000)
 ParOldGen       total 6986240K, used 2912860K [0x00007fc769000000, 0x00007fc913680000, 0x00007fe213b00000)
  object space 6986240K, 41% used [0x00007fc769000000,0x00007fc81ac973c0,0x00007fc913680000)
 Metaspace       used 122575K, capacity 132966K, committed 156672K, reserved 157696K
Event: 21.367 GC heap after
Heap after GC invocations=16 (full 5):
 PSYoungGen      total 2968576K, used 1377312K [0x00007fe213b00000, 0x00007fe36c600000, 0x00007fef69000000)
  eden space 1527296K, 0% used [0x00007fe213b00000,0x00007fe213b00000,0x00007fe270e80000)
  from space 1441280K, 95% used [0x00007fe270e80000,0x00007fe2c4f88210,0x00007fe2c8e00000)
  to   space 1690112K, 0% used [0x00007fe305380000,0x00007fe305380000,0x00007fe36c600000)
 ParOldGen       total 6986240K, used 3043932K [0x00007fc769000000, 0x00007fc913680000, 0x00007fe213b00000)
  object space 6986240K, 43% used [0x00007fc769000000,0x00007fc822c973f0,0x00007fc913680000)
 Metaspace       used 122575K, capacity 132966K, committed 156672K, reserved 157696K
}
Event: 21.441 GC heap before
{Heap before GC invocations=17 (full 5):
 PSYoungGen      total 2968576K, used 2849627K [0x00007fe213b00000, 0x00007fe36c600000, 0x00007fef69000000)
  eden space 1527296K, 96% used [0x00007fe213b00000,0x00007fe26d8cec08,0x00007fe270e80000)
  from space 1441280K, 95% used [0x00007fe270e80000,0x00007fe2c4f88210,0x00007fe2c8e00000)
  to   space 1690112K, 0% used [0x00007fe305380000,0x00007fe305380000,0x00007fe36c600000)
 ParOldGen       total 6986240K, used 3043932K [0x00007fc769000000, 0x00007fc913680000, 0x00007fe213b00000)
  object space 6986240K, 43% used [0x00007fc769000000,0x00007fc822c973f0,0x00007fc913680000)
 Metaspace       used 122696K, capacity 133154K, committed 156672K, reserved 157696K
Event: 21.786 GC heap after
Heap after GC invocations=17 (full 5):
 PSYoungGen      total 3661312K, used 1640992K [0x00007fe213b00000, 0x00007fe394e00000, 0x00007fef69000000)
  eden space 1971200K, 0% used [0x00007fe213b00000,0x00007fe213b00000,0x00007fe28c000000)
  from space 1690112K, 97% used [0x00007fe305380000,0x00007fe369608348,0x00007fe36c600000)
  to   space 1986048K, 0% used [0x00007fe28c000000,0x00007fe28c000000,0x00007fe305380000)
 ParOldGen       total 6986240K, used 6058598K [0x00007fc769000000, 0x00007fc913680000, 0x00007fe213b00000)
  object space 6986240K, 86% used [0x00007fc769000000,0x00007fc8dac99840,0x00007fc913680000)
 Metaspace       used 122696K, capacity 133154K, committed 156672K, reserved 157696K
}
Event: 21.786 GC heap before
{Heap before GC invocations=18 (full 6):
 PSYoungGen      total 3661312K, used 1640992K [0x00007fe213b00000, 0x00007fe394e00000, 0x00007fef69000000)
  eden space 1971200K, 0% used [0x00007fe213b00000,0x00007fe213b00000,0x00007fe28c000000)
  from space 1690112K, 97% used [0x00007fe305380000,0x00007fe369608348,0x00007fe36c600000)
  to   space 1986048K, 0% used [0x00007fe28c000000,0x00007fe28c000000,0x00007fe305380000)
 ParOldGen       total 6986240K, used 6058598K [0x00007fc769000000, 0x00007fc913680000, 0x00007fe213b00000)
  object space 6986240K, 86% used [0x00007fc769000000,0x00007fc8dac99840,0x00007fc913680000)
 Metaspace       used 122696K, capacity 133154K, committed 156672K, reserved 157696K
Event: 22.190 GC heap after
Heap after GC invocations=18 (full 6):
 PSYoungGen      total 3661312K, used 0K [0x00007fe213b00000, 0x00007fe394e00000, 0x00007fef69000000)
  eden space 1971200K, 0% used [0x00007fe213b00000,0x00007fe213b00000,0x00007fe28c000000)
  from space 1690112K, 0% used [0x00007fe305380000,0x00007fe305380000,0x00007fe36c600000)
  to   space 1986048K, 0% used [0x00007fe28c000000,0x00007fe28c000000,0x00007fe305380000)
 ParOldGen       total 11181056K, used 5863705K [0x00007fc769000000, 0x00007fca13700000, 0x00007fe213b00000)
  object space 11181056K, 52% used [0x00007fc769000000,0x00007fc8cee46560,0x00007fca13700000)
 Metaspace       used 122636K, capacity 133074K, committed 156672K, reserved 157696K
}
Event: 22.837 GC heap before
{Heap before GC invocations=19 (full 6):
 PSYoungGen      total 3661312K, used 1971200K [0x00007fe213b00000, 0x00007fe394e00000, 0x00007fef69000000)
  eden space 1971200K, 100% used [0x00007fe213b00000,0x00007fe28c000000,0x00007fe28c000000)
  from space 1690112K, 0% used [0x00007fe305380000,0x00007fe305380000,0x00007fe36c600000)
  to   space 1986048K, 0% used [0x00007fe28c000000,0x00007fe28c000000,0x00007fe305380000)
 ParOldGen       total 11181056K, used 5863705K [0x00007fc769000000, 0x00007fca13700000, 0x00007fe213b00000)
  object space 11181056K, 52% used [0x00007fc769000000,0x00007fc8cee46560,0x00007fca13700000)
 Metaspace       used 123262K, capacity 133955K, committed 156928K, reserved 157696K
Event: 22.929 GC heap after
Heap after GC invocations=19 (full 6):
 PSYoungGen      total 3957248K, used 751723K [0x00007fe213b00000, 0x00007fe3a4380000, 0x00007fef69000000)
  eden space 1971200K, 0% used [0x00007fe213b00000,0x00007fe213b00000,0x00007fe28c000000)
  from space 1986048K, 37% used [0x00007fe28c000000,0x00007fe2b9e1ac90,0x00007fe305380000)
  to   space 1893376K, 0% used [0x00007fe330a80000,0x00007fe330a80000,0x00007fe3a4380000)
 ParOldGen       total 11181056K, used 5863713K [0x00007fc769000000, 0x00007fca13700000, 0x00007fe213b00000)
  object space 11181056K, 52% used [0x00007fc769000000,0x00007fc8cee48560,0x00007fca13700000)
 Metaspace       used 123262K, capacity 133955K, committed 156928K, reserved 157696K
}
Event: 23.276 GC heap before
{Heap before GC invocations=20 (full 6):
 PSYoungGen      total 3957248K, used 2722923K [0x00007fe213b00000, 0x00007fe3a4380000, 0x00007fef69000000)
  eden space 1971200K, 100% used [0x00007fe213b00000,0x00007fe28c000000,0x00007fe28c000000)
  from space 1986048K, 37% used [0x00007fe28c000000,0x00007fe2b9e1ac90,0x00007fe305380000)
  to   space 1893376K, 0% used [0x00007fe330a80000,0x00007fe330a80000,0x00007fe3a4380000)
 ParOldGen       total 11181056K, used 5863713K [0x00007fc769000000, 0x00007fca13700000, 0x00007fe213b00000)
  object space 11181056K, 52% used [0x00007fc769000000,0x00007fc8cee48560,0x00007fca13700000)
 Metaspace       used 123557K, capacity 134281K, committed 157184K, reserved 157696K
Event: 23.378 GC heap after
Heap after GC invocations=20 (full 6):
 PSYoungGen      total 4576768K, used 894832K [0x00007fe213b00000, 0x00007fe39f600000, 0x00007fef69000000)
  eden space 2762752K, 0% used [0x00007fe213b00000,0x00007fe213b00000,0x00007fe2bc500000)
  from space 1814016K, 49% used [0x00007fe330a80000,0x00007fe36745c2d8,0x00007fe39f600000)
  to   space 1860096K, 0% used [0x00007fe2bc500000,0x00007fe2bc500000,0x00007fe32dd80000)
 ParOldGen       total 11181056K, used 5863721K [0x00007fc769000000, 0x00007fca13700000, 0x00007fe213b00000)
  object space 11181056K, 52% used [0x00007fc769000000,0x00007fc8cee4a560,0x00007fca13700000)
 Metaspace       used 123557K, capacity 134281K, committed 157184K, reserved 157696K
}
Event: 23.636 GC heap before
{Heap before GC invocations=21 (full 6):
 PSYoungGen      total 4576768K, used 3657584K [0x00007fe213b00000, 0x00007fe39f600000, 0x00007fef69000000)
  eden space 2762752K, 100% used [0x00007fe213b00000,0x00007fe2bc500000,0x00007fe2bc500000)
  from space 1814016K, 49% used [0x00007fe330a80000,0x00007fe36745c2d8,0x00007fe39f600000)
  to   space 1860096K, 0% used [0x00007fe2bc500000,0x00007fe2bc500000,0x00007fe32dd80000)
 ParOldGen       total 11181056K, used 5863721K [0x00007fc769000000, 0x00007fca13700000, 0x00007fe213b00000)
  object space 11181056K, 52% used [0x00007fc769000000,0x00007fc8cee4a560,0x00007fca13700000)
 Metaspace       used 123625K, capacity 134360K, committed 157184K, reserved 157696K
Event: 23.918 GC heap after
Heap after GC invocations=21 (full 6):
 PSYoungGen      total 4622848K, used 1843765K [0x00007fe213b00000, 0x00007fe40e100000, 0x00007fef69000000)
  eden space 2762752K, 0% used [0x00007fe213b00000,0x00007fe213b00000,0x00007fe2bc500000)
  from space 1860096K, 99% used [0x00007fe2bc500000,0x00007fe32cd8d760,0x00007fe32dd80000)
  to   space 2174464K, 0% used [0x00007fe389580000,0x00007fe389580000,0x00007fe40e100000)
 ParOldGen       total 11181056K, used 8506360K [0x00007fc769000000, 0x00007fca13700000, 0x00007fe213b00000)
  object space 11181056K, 76% used [0x00007fc769000000,0x00007fc9702fe158,0x00007fca13700000)
 Metaspace       used 123625K, capacity 134360K, committed 157184K, reserved 157696K
}
Event: 24.029 GC heap before
{Heap before GC invocations=22 (full 6):
 PSYoungGen      total 4622848K, used 4573170K [0x00007fe213b00000, 0x00007fe40e100000, 0x00007fef69000000)
  eden space 2762752K, 98% used [0x00007fe213b00000,0x00007fe2ba46f120,0x00007fe2bc500000)
  from space 1860096K, 99% used [0x00007fe2bc500000,0x00007fe32cd8d760,0x00007fe32dd80000)
  to   space 2174464K, 0% used [0x00007fe389580000,0x00007fe389580000,0x00007fe40e100000)
 ParOldGen       total 11181056K, used 8506360K [0x00007fc769000000, 0x00007fca13700000, 0x00007fe213b00000)
  object space 11181056K, 76% used [0x00007fc769000000,0x00007fc9702fe158,0x00007fca13700000)
 Metaspace       used 123658K, capacity 134502K, committed 157440K, reserved 157696K
Event: 24.431 GC heap after
Heap after GC invocations=22 (full 6):
 PSYoungGen      total 4623872K, used 2174447K [0x00007fe213b00000, 0x00007fe4caa00000, 0x00007fef69000000)
  eden space 2449408K, 0% used [0x00007fe213b00000,0x00007fe213b00000,0x00007fe2a9300000)
  from space 2174464K, 99% used [0x00007fe389580000,0x00007fe40e0fbd60,0x00007fe40e100000)
  to   space 3672576K, 0% used [0x00007fe2a9300000,0x00007fe2a9300000,0x00007fe389580000)
 ParOldGen       total 11577344K, used 11545644K [0x00007fc769000000, 0x00007fca2ba00000, 0x00007fe213b00000)
  object space 11577344K, 99% used [0x00007fc769000000,0x00007fca29b0b2d8,0x00007fca2ba00000)
 Metaspace       used 123658K, capacity 134502K, committed 157440K, reserved 157696K
}
Event: 24.431 GC heap before
{Heap before GC invocations=23 (full 7):
 PSYoungGen      total 4623872K, used 2174447K [0x00007fe213b00000, 0x00007fe4caa00000, 0x00007fef69000000)
  eden space 2449408K, 0% used [0x00007fe213b00000,0x00007fe213b00000,0x00007fe2a9300000)
  from space 2174464K, 99% used [0x00007fe389580000,0x00007fe40e0fbd60,0x00007fe40e100000)
  to   space 3672576K, 0% used [0x00007fe2a9300000,0x00007fe2a9300000,0x00007fe389580000)
 ParOldGen       total 11577344K, used 11545644K [0x00007fc769000000, 0x00007fca2ba00000, 0x00007fe213b00000)
  object space 11577344K, 99% used [0x00007fc769000000,0x00007fca29b0b2d8,0x00007fca2ba00000)
 Metaspace       used 123658K, capacity 134502K, committed 157440K, reserved 157696K
Event: 25.108 GC heap after
Heap after GC invocations=23 (full 7):
 PSYoungGen      total 4623872K, used 0K [0x00007fe213b00000, 0x00007fe4caa00000, 0x00007fef69000000)
  eden space 2449408K, 0% used [0x00007fe213b00000,0x00007fe213b00000,0x00007fe2a9300000)
  from space 2174464K, 0% used [0x00007fe389580000,0x00007fe389580000,0x00007fe40e100000)
  to   space 3672576K, 0% used [0x00007fe2a9300000,0x00007fe2a9300000,0x00007fe389580000)
 ParOldGen       total 17801728K, used 10934756K [0x00007fc769000000, 0x00007fcba7880000, 0x00007fe213b00000)
  object space 17801728K, 61% used [0x00007fc769000000,0x00007fca04679250,0x00007fcba7880000)
 Metaspace       used 123489K, capacity 134257K, committed 157440K, reserved 157696K
}
Event: 25.392 GC heap before
{Heap before GC invocations=24 (full 7):
 PSYoungGen      total 4623872K, used 2449408K [0x00007fe213b00000, 0x00007fe4caa00000, 0x00007fef69000000)
  eden space 2449408K, 100% used [0x00007fe213b00000,0x00007fe2a9300000,0x00007fe2a9300000)
  from space 2174464K, 0% used [0x00007fe389580000,0x00007fe389580000,0x00007fe40e100000)
  to   space 3672576K, 0% used [0x00007fe2a9300000,0x00007fe2a9300000,0x00007fe389580000)
 ParOldGen       total 17801728K, used 10934756K [0x00007fc769000000, 0x00007fcba7880000, 0x00007fe213b00000)
  object space 17801728K, 61% used [0x00007fc769000000,0x00007fca04679250,0x00007fcba7880000)
 Metaspace       used 123530K, capacity 134390K, committed 157440K, reserved 157696K
Event: 25.479 GC heap after
Heap after GC invocations=24 (full 7):
 PSYoungGen      total 6121984K, used 678325K [0x00007fe213b00000, 0x00007fe480b80000, 0x00007fef69000000)
  eden space 2449408K, 0% used [0x00007fe213b00000,0x00007fe213b00000,0x00007fe2a9300000)
  from space 3672576K, 18% used [0x00007fe2a9300000,0x00007fe2d296d5d8,0x00007fe389580000)
  to   space 3523072K, 0% used [0x00007fe3a9b00000,0x00007fe3a9b00000,0x00007fe480b80000)
 ParOldGen       total 17801728K, used 10934756K [0x00007fc769000000, 0x00007fcba7880000, 0x00007fe213b00000)
  object space 17801728K, 61% used [0x00007fc769000000,0x00007fca04679250,0x00007fcba7880000)
 Metaspace       used 123530K, capacity 134390K, committed 157440K, reserved 157696K
}
Event: 25.791 GC heap before
{Heap before GC invocations=25 (full 7):
 PSYoungGen      total 6121984K, used 3127733K [0x00007fe213b00000, 0x00007fe480b80000, 0x00007fef69000000)
  eden space 2449408K, 100% used [0x00007fe213b00000,0x00007fe2a9300000,0x00007fe2a9300000)
  from space 3672576K, 18% used [0x00007fe2a9300000,0x00007fe2d296d5d8,0x00007fe389580000)
  to   space 3523072K, 0% used [0x00007fe3a9b00000,0x00007fe3a9b00000,0x00007fe480b80000)
 ParOldGen       total 17801728K, used 10934756K [0x00007fc769000000, 0x00007fcba7880000, 0x00007fe213b00000)
  object space 17801728K, 61% used [0x00007fc769000000,0x00007fca04679250,0x00007fcba7880000)
 Metaspace       used 123537K, capacity 134390K, committed 157440K, reserved 157696K
Event: 25.897 GC heap after
Heap after GC invocations=25 (full 7):
 PSYoungGen      total 6320128K, used 681377K [0x00007fe213b00000, 0x00007fe46d680000, 0x00007fef69000000)
  eden space 3113472K, 0% used [0x00007fe213b00000,0x00007fe213b00000,0x00007fe2d1b80000)
  from space 3206656K, 21% used [0x00007fe3a9b00000,0x00007fe3d3468480,0x00007fe46d680000)
  to   space 3372544K, 0% used [0x00007fe2d1b80000,0x00007fe2d1b80000,0x00007fe39f900000)
 ParOldGen       total 17801728K, used 11483162K [0x00007fc769000000, 0x00007fcba7880000, 0x00007fe213b00000)
  object space 17801728K, 64% used [0x00007fc769000000,0x00007fca25e06880,0x00007fcba7880000)
 Metaspace       used 123537K, capacity 134390K, committed 157440K, reserved 157696K
}
Event: 26.172 GC heap before
{Heap before GC invocations=26 (full 7):
 PSYoungGen      total 6320128K, used 3794849K [0x00007fe213b00000, 0x00007fe46d680000, 0x00007fef69000000)
  eden space 3113472K, 100% used [0x00007fe213b00000,0x00007fe2d1b80000,0x00007fe2d1b80000)
  from space 3206656K, 21% used [0x00007fe3a9b00000,0x00007fe3d3468480,0x00007fe46d680000)
  to   space 3372544K, 0% used [0x00007fe2d1b80000,0x00007fe2d1b80000,0x00007fe39f900000)
 ParOldGen       total 17801728K, used 11483162K [0x00007fc769000000, 0x00007fcba7880000, 0x00007fe213b00000)
  object space 17801728K, 64% used [0x00007fc769000000,0x00007fca25e06880,0x00007fcba7880000)
 Metaspace       used 123555K, capacity 134390K, committed 157440K, reserved 157696K
Event: 26.351 GC heap after
Heap after GC invocations=26 (full 7):
 PSYoungGen      total 6486016K, used 1962226K [0x00007fe213b00000, 0x00007fe4ac080000, 0x00007fef69000000)
  eden space 3113472K, 0% used [0x00007fe213b00000,0x00007fe213b00000,0x00007fe2d1b80000)
  from space 3372544K, 58% used [0x00007fe2d1b80000,0x00007fe3497bc960,0x00007fe39f900000)
  to   space 3457024K, 0% used [0x00007fe3d9080000,0x00007fe3d9080000,0x00007fe4ac080000)
 ParOldGen       total 17801728K, used 12231089K [0x00007fc769000000, 0x00007fcba7880000, 0x00007fe213b00000)
  object space 17801728K, 68% used [0x00007fc769000000,0x00007fca5386c408,0x00007fcba7880000)
 Metaspace       used 123555K, capacity 134390K, committed 157440K, reserved 157696K
}
Event: 26.541 GC heap before
{Heap before GC invocations=27 (full 7):
 PSYoungGen      total 6486016K, used 5075698K [0x00007fe213b00000, 0x00007fe4ac080000, 0x00007fef69000000)
  eden space 3113472K, 100% used [0x00007fe213b00000,0x00007fe2d1b80000,0x00007fe2d1b80000)
  from space 3372544K, 58% used [0x00007fe2d1b80000,0x00007fe3497bc960,0x00007fe39f900000)
  to   space 3457024K, 0% used [0x00007fe3d9080000,0x00007fe3d9080000,0x00007fe4ac080000)
 ParOldGen       total 17801728K, used 12231089K [0x00007fc769000000, 0x00007fcba7880000, 0x00007fe213b00000)
  object space 17801728K, 68% used [0x00007fc769000000,0x00007fca5386c408,0x00007fcba7880000)
 Metaspace       used 123559K, capacity 134390K, committed 157440K, reserved 157696K
Event: 26.969 GC heap after
Heap after GC invocations=27 (full 7):
 PSYoungGen      total 6830592K, used 3432032K [0x00007fe213b00000, 0x00007fe4f8680000, 0x00007fef69000000)
  eden space 3373568K, 0% used [0x00007fe213b00000,0x00007fe213b00000,0x00007fe2e1980000)
  from space 3457024K, 99% used [0x00007fe3d9080000,0x00007fe4aa818100,0x00007fe4ac080000)
  to   space 4054016K, 0% used [0x00007fe2e1980000,0x00007fe2e1980000,0x00007fe3d9080000)
 ParOldGen       total 17801728K, used 14427646K [0x00007fc769000000, 0x00007fcba7880000, 0x00007fe213b00000)
  object space 17801728K, 81% used [0x00007fc769000000,0x00007fcad997fab8,0x00007fcba7880000)
 Metaspace       used 123559K, capacity 134390K, committed 157440K, reserved 157696K
}
Event: 27.611 GC heap before
{Heap before GC invocations=28 (full 7):
 PSYoungGen      total 6830592K, used 6805600K [0x00007fe213b00000, 0x00007fe4f8680000, 0x00007fef69000000)
  eden space 3373568K, 100% used [0x00007fe213b00000,0x00007fe2e1980000,0x00007fe2e1980000)
  from space 3457024K, 99% used [0x00007fe3d9080000,0x00007fe4aa818100,0x00007fe4ac080000)
  to   space 4054016K, 0% used [0x00007fe2e1980000,0x00007fe2e1980000,0x00007fe3d9080000)
 ParOldGen       total 17801728K, used 14427646K [0x00007fc769000000, 0x00007fcba7880000, 0x00007fe213b00000)
  object space 17801728K, 81% used [0x00007fc769000000,0x00007fcad997fab8,0x00007fcba7880000)
 Metaspace       used 123726K, capacity 134662K, committed 157696K, reserved 157696K
Event: 28.065 GC heap after
Heap after GC invocations=28 (full 7):
 PSYoungGen      total 7427584K, used 2434495K [0x00007fe213b00000, 0x00007fe51a080000, 0x00007fef69000000)
  eden space 3373568K, 0% used [0x00007fe213b00000,0x00007fe213b00000,0x00007fe2e1980000)
  from space 4054016K, 60% used [0x00007fe2e1980000,0x00007fe3762efdd0,0x00007fe3d9080000)
  to   space 4162560K, 0% used [0x00007fe41bf80000,0x00007fe41bf80000,0x00007fe51a080000)
 ParOldGen       total 18594304K, used 18559639K [0x00007fc769000000, 0x00007fcbd7e80000, 0x00007fe213b00000)
  object space 18594304K, 99% used [0x00007fc769000000,0x00007fcbd5ca5d30,0x00007fcbd7e80000)
 Metaspace       used 123726K, capacity 134662K, committed 157696K, reserved 157696K
}
Event: 28.065 GC heap before
{Heap before GC invocations=29 (full 8):
 PSYoungGen      total 7427584K, used 2434495K [0x00007fe213b00000, 0x00007fe51a080000, 0x00007fef69000000)
  eden space 3373568K, 0% used [0x00007fe213b00000,0x00007fe213b00000,0x00007fe2e1980000)
  from space 4054016K, 60% used [0x00007fe2e1980000,0x00007fe3762efdd0,0x00007fe3d9080000)
  to   space 4162560K, 0% used [0x00007fe41bf80000,0x00007fe41bf80000,0x00007fe51a080000)
 ParOldGen       total 18594304K, used 18559639K [0x00007fc769000000, 0x00007fcbd7e80000, 0x00007fe213b00000)
  object space 18594304K, 99% used [0x00007fc769000000,0x00007fcbd5ca5d30,0x00007fcbd7e80000)
 Metaspace       used 123726K, capacity 134662K, committed 157696K, reserved 157696K
Event: 28.991 GC heap after
Heap after GC invocations=29 (full 8):
 PSYoungGen      total 7427584K, used 0K [0x00007fe213b00000, 0x00007fe51a080000, 0x00007fef69000000)
  eden space 3373568K, 0% used [0x00007fe213b00000,0x00007fe213b00000,0x00007fe2e1980000)
  from space 4054016K, 0% used [0x00007fe2e1980000,0x00007fe2e1980000,0x00007fe3d9080000)
  to   space 4162560K, 0% used [0x00007fe41bf80000,0x00007fe41bf80000,0x00007fe51a080000)
 ParOldGen       total 24954880K, used 16932807K [0x00007fc769000000, 0x00007fcd5c200000, 0x00007fe213b00000)
  object space 24954880K, 67% used [0x00007fc769000000,0x00007fcb727f1cf0,0x00007fcd5c200000)
 Metaspace       used 123726K, capacity 134662K, committed 157696K, reserved 157696K
}
Event: 30.084 GC heap before
{Heap before GC invocations=30 (full 8):
 PSYoungGen      total 7427584K, used 3338806K [0x00007fe213b00000, 0x00007fe51a080000, 0x00007fef69000000)
  eden space 3373568K, 98% used [0x00007fe213b00000,0x00007fe2df78d988,0x00007fe2e1980000)
  from space 4054016K, 0% used [0x00007fe2e1980000,0x00007fe2e1980000,0x00007fe3d9080000)
  to   space 4162560K, 0% used [0x00007fe41bf80000,0x00007fe41bf80000,0x00007fe51a080000)
 ParOldGen       total 24954880K, used 16932807K [0x00007fc769000000, 0x00007fcd5c200000, 0x00007fe213b00000)
  object space 24954880K, 67% used [0x00007fc769000000,0x00007fcb727f1cf0,0x00007fcd5c200000)
 Metaspace       used 124817K, capacity 135770K, committed 158976K, reserved 159744K
Event: 30.551 GC heap after
Heap after GC invocations=30 (full 8):
 PSYoungGen      total 7822336K, used 4141865K [0x00007fe213b00000, 0x00007fe56b100000, 0x00007fef69000000)
  eden space 3659776K, 0% used [0x00007fe213b00000,0x00007fe213b00000,0x00007fe2f3100000)
  from space 4162560K, 99% used [0x00007fe41bf80000,0x00007fe518c4a6c0,0x00007fe51a080000)
  to   space 4864512K, 0% used [0x00007fe2f3100000,0x00007fe2f3100000,0x00007fe41bf80000)
 ParOldGen       total 24954880K, used 16998351K [0x00007fc769000000, 0x00007fcd5c200000, 0x00007fe213b00000)
  object space 24954880K, 68% used [0x00007fc769000000,0x00007fcb767f3d08,0x00007fcd5c200000)
 Metaspace       used 124817K, capacity 135770K, committed 158976K, reserved 159744K
}
Event: 30.996 GC heap before
{Heap before GC invocations=31 (full 8):
 PSYoungGen      total 7822336K, used 7801641K [0x00007fe213b00000, 0x00007fe56b100000, 0x00007fef69000000)
  eden space 3659776K, 100% used [0x00007fe213b00000,0x00007fe2f3100000,0x00007fe2f3100000)
  from space 4162560K, 99% used [0x00007fe41bf80000,0x00007fe518c4a6c0,0x00007fe51a080000)
  to   space 4864512K, 0% used [0x00007fe2f3100000,0x00007fe2f3100000,0x00007fe41bf80000)
 ParOldGen       total 24954880K, used 16998351K [0x00007fc769000000, 0x00007fcd5c200000, 0x00007fe213b00000)
  object space 24954880K, 68% used [0x00007fc769000000,0x00007fcb767f3d08,0x00007fcd5c200000)
 Metaspace       used 124829K, capacity 135770K, committed 158976K, reserved 159744K
Event: 31.802 GC heap after
Heap after GC invocations=31 (full 8):
 PSYoungGen      total 8524288K, used 2444742K [0x00007fe213b00000, 0x00007fe57c800000, 0x00007fef69000000)
  eden space 3659776K, 0% used [0x00007fe213b00000,0x00007fe213b00000,0x00007fe2f3100000)
  from space 4864512K, 50% used [0x00007fe2f3100000,0x00007fe3884718e0,0x00007fe41bf80000)
  to   space 4798464K, 0% used [0x00007fe457a00000,0x00007fe457a00000,0x00007fe57c800000)
 ParOldGen       total 24954880K, used 20967611K [0x00007fc769000000, 0x00007fcd5c200000, 0x00007fe213b00000)
  object space 24954880K, 84% used [0x00007fc769000000,0x00007fcc68c2eda8,0x00007fcd5c200000)
 Metaspace       used 124829K, capacity 135770K, committed 158976K, reserved 159744K
}
Event: 31.802 GC heap before
{Heap before GC invocations=32 (full 9):
 PSYoungGen      total 8524288K, used 2444742K [0x00007fe213b00000, 0x00007fe57c800000, 0x00007fef69000000)
  eden space 3659776K, 0% used [0x00007fe213b00000,0x00007fe213b00000,0x00007fe2f3100000)
  from space 4864512K, 50% used [0x00007fe2f3100000,0x00007fe3884718e0,0x00007fe41bf80000)
  to   space 4798464K, 0% used [0x00007fe457a00000,0x00007fe457a00000,0x00007fe57c800000)
 ParOldGen       total 24954880K, used 20967611K [0x00007fc769000000, 0x00007fcd5c200000, 0x00007fe213b00000)
  object space 24954880K, 84% used [0x00007fc769000000,0x00007fcc68c2eda8,0x00007fcd5c200000)
 Metaspace       used 124829K, capacity 135770K, committed 158976K, reserved 159744K
Event: 33.389 GC heap after
Heap after GC invocations=32 (full 9):
 PSYoungGen      total 8524288K, used 0K [0x00007fe213b00000, 0x00007fe57c800000, 0x00007fef69000000)
  eden space 3659776K, 0% used [0x00007fe213b00000,0x00007fe213b00000,0x00007fe2f3100000)
  from space 4864512K, 0% used [0x00007fe2f3100000,0x00007fe2f3100000,0x00007fe41bf80000)
  to   space 4798464K, 0% used [0x00007fe457a00000,0x00007fe457a00000,0x00007fe57c800000)
 ParOldGen       total 29909504K, used 20853078K [0x00007fc769000000, 0x00007fce8a880000, 0x00007fe213b00000)
  object space 29909504K, 69% used [0x00007fc769000000,0x00007fcc61c55a50,0x00007fce8a880000)
 Metaspace       used 124829K, capacity 135770K, committed 158976K, reserved 159744K
}
Event: 33.852 GC heap before
{Heap before GC invocations=33 (full 9):
 PSYoungGen      total 8524288K, used 3659776K [0x00007fe213b00000, 0x00007fe57c800000, 0x00007fef69000000)
  eden space 3659776K, 100% used [0x00007fe213b00000,0x00007fe2f3100000,0x00007fe2f3100000)
  from space 4864512K, 0% used [0x00007fe2f3100000,0x00007fe2f3100000,0x00007fe41bf80000)
  to   space 4798464K, 0% used [0x00007fe457a00000,0x00007fe457a00000,0x00007fe57c800000)
 ParOldGen       total 29909504K, used 20853078K [0x00007fc769000000, 0x00007fce8a880000, 0x00007fe213b00000)
  object space 29909504K, 69% used [0x00007fc769000000,0x00007fcc61c55a50,0x00007fce8a880000)
 Metaspace       used 124839K, capacity 135785K, committed 158976K, reserved 159744K
Event: 33.940 GC heap after
Heap after GC invocations=33 (full 9):
 PSYoungGen      total 8937472K, used 850453K [0x00007fe213b00000, 0x00007fe563d00000, 0x00007fef69000000)
  eden space 4543488K, 0% used [0x00007fe213b00000,0x00007fe213b00000,0x00007fe329000000)
  from space 4393984K, 19% used [0x00007fe457a00000,0x00007fe48b885650,0x00007fe563d00000)
  to   space 4676096K, 0% used [0x00007fe329000000,0x00007fe329000000,0x00007fe446680000)
 ParOldGen       total 29909504K, used 20853086K [0x00007fc769000000, 0x00007fce8a880000, 0x00007fe213b00000)
  object space 29909504K, 69% used [0x00007fc769000000,0x00007fcc61c57a50,0x00007fce8a880000)
 Metaspace       used 124839K, capacity 135785K, committed 158976K, reserved 159744K
}
Event: 34.497 GC heap before
{Heap before GC invocations=34 (full 9):
 PSYoungGen      total 8937472K, used 5393941K [0x00007fe213b00000, 0x00007fe563d00000, 0x00007fef69000000)
  eden space 4543488K, 100% used [0x00007fe213b00000,0x00007fe329000000,0x00007fe329000000)
  from space 4393984K, 19% used [0x00007fe457a00000,0x00007fe48b885650,0x00007fe563d00000)
  to   space 4676096K, 0% used [0x00007fe329000000,0x00007fe329000000,0x00007fe446680000)
 ParOldGen       total 29909504K, used 20853086K [0x00007fc769000000, 0x00007fce8a880000, 0x00007fe213b00000)
  object space 29909504K, 69% used [0x00007fc769000000,0x00007fcc61c57a50,0x00007fce8a880000)
 Metaspace       used 124949K, capacity 135949K, committed 158976K, reserved 159744K
Event: 34.696 GC heap after
Heap after GC invocations=34 (full 9):
 PSYoungGen      total 9219584K, used 480878K [0x00007fe213b00000, 0x00007fe58bc80000, 0x00007fef69000000)
  eden space 4543488K, 0% used [0x00007fe213b00000,0x00007fe213b00000,0x00007fe329000000)
  from space 4676096K, 10% used [0x00007fe329000000,0x00007fe34659bb68,0x00007fe446680000)
  to   space 4601344K, 0% used [0x00007fe472f00000,0x00007fe472f00000,0x00007fe58bc80000)
 ParOldGen       total 29909504K, used 21502353K [0x00007fc769000000, 0x00007fce8a880000, 0x00007fe213b00000)
  object space 29909504K, 71% used [0x00007fc769000000,0x00007fcc89664608,0x00007fce8a880000)
 Metaspace       used 124949K, capacity 135949K, committed 158976K, reserved 159744K
}
Event: 455.576 GC heap before
{Heap before GC invocations=35 (full 9):
 PSYoungGen      total 9219584K, used 5024366K [0x00007fe213b00000, 0x00007fe58bc80000, 0x00007fef69000000)
  eden space 4543488K, 100% used [0x00007fe213b00000,0x00007fe329000000,0x00007fe329000000)
  from space 4676096K, 10% used [0x00007fe329000000,0x00007fe34659bb68,0x00007fe446680000)
  to   space 4601344K, 0% used [0x00007fe472f00000,0x00007fe472f00000,0x00007fe58bc80000)
 ParOldGen       total 29909504K, used 21502353K [0x00007fc769000000, 0x00007fce8a880000, 0x00007fe213b00000)
  object space 29909504K, 71% used [0x00007fc769000000,0x00007fcc89664608,0x00007fce8a880000)
 Metaspace       used 126483K, capacity 137726K, committed 160000K, reserved 161792K
Event: 455.775 GC heap after
Heap after GC invocations=35 (full 9):
 PSYoungGen      total 9583616K, used 389906K [0x00007fe213b00000, 0x00007fe57b600000, 0x00007fef69000000)
  eden space 5251072K, 0% used [0x00007fe213b00000,0x00007fe213b00000,0x00007fe354300000)
  from space 4332544K, 8% used [0x00007fe472f00000,0x00007fe48abc4be0,0x00007fe57b600000)
  to   space 4515328K, 0% used [0x00007fe354300000,0x00007fe354300000,0x00007fe467c80000)
 ParOldGen       total 29909504K, used 21779198K [0x00007fc769000000, 0x00007fce8a880000, 0x00007fe213b00000)
  object space 29909504K, 72% used [0x00007fc769000000,0x00007fcc9a4bf8d0,0x00007fce8a880000)
 Metaspace       used 126483K, capacity 137726K, committed 160000K, reserved 161792K
}
Event: 511.470 GC heap before
{Heap before GC invocations=36 (full 9):
 PSYoungGen      total 9583616K, used 5640978K [0x00007fe213b00000, 0x00007fe57b600000, 0x00007fef69000000)
  eden space 5251072K, 100% used [0x00007fe213b00000,0x00007fe354300000,0x00007fe354300000)
  from space 4332544K, 8% used [0x00007fe472f00000,0x00007fe48abc4be0,0x00007fe57b600000)
  to   space 4515328K, 0% used [0x00007fe354300000,0x00007fe354300000,0x00007fe467c80000)
 ParOldGen       total 29909504K, used 21779198K [0x00007fc769000000, 0x00007fce8a880000, 0x00007fe213b00000)
  object space 29909504K, 72% used [0x00007fc769000000,0x00007fcc9a4bf8d0,0x00007fce8a880000)
 Metaspace       used 131262K, capacity 143995K, committed 163072K, reserved 163840K
Event: 511.802 GC heap after
Heap after GC invocations=36 (full 9):
 PSYoungGen      total 9766400K, used 657543K [0x00007fe213b00000, 0x00007fe593700000, 0x00007fef69000000)
  eden space 5251072K, 0% used [0x00007fe213b00000,0x00007fe213b00000,0x00007fe354300000)
  from space 4515328K, 14% used [0x00007fe354300000,0x00007fe37c521f90,0x00007fe467c80000)
  to   space 4358656K, 0% used [0x00007fe489680000,0x00007fe489680000,0x00007fe593700000)
 ParOldGen       total 29909504K, used 22134589K [0x00007fc769000000, 0x00007fce8a880000, 0x00007fe213b00000)
  object space 29909504K, 74% used [0x00007fc769000000,0x00007fccaffcf758,0x00007fce8a880000)
 Metaspace       used 131262K, capacity 143995K, committed 163072K, reserved 163840K
}
Event: 512.420 GC heap before
{Heap before GC invocations=37 (full 9):
 PSYoungGen      total 9766400K, used 5908615K [0x00007fe213b00000, 0x00007fe593700000, 0x00007fef69000000)
  eden space 5251072K, 100% used [0x00007fe213b00000,0x00007fe354300000,0x00007fe354300000)
  from space 4515328K, 14% used [0x00007fe354300000,0x00007fe37c521f90,0x00007fe467c80000)
  to   space 4358656K, 0% used [0x00007fe489680000,0x00007fe489680000,0x00007fe593700000)
 ParOldGen       total 29909504K, used 22134589K [0x00007fc769000000, 0x00007fce8a880000, 0x00007fe213b00000)
  object space 29909504K, 74% used [0x00007fc769000000,0x00007fccaffcf758,0x00007fce8a880000)
 Metaspace       used 132129K, capacity 145343K, committed 163584K, reserved 163840K
Event: 512.596 GC heap after
Heap after GC invocations=37 (full 9):
 PSYoungGen      total 9924096K, used 1625017K [0x00007fe213b00000, 0x00007fe57a200000, 0x00007fef69000000)
  eden space 5980160K, 0% used [0x00007fe213b00000,0x00007fe213b00000,0x00007fe380b00000)
  from space 3943936K, 41% used [0x00007fe489680000,0x00007fe4ec96e7a8,0x00007fe57a200000)
  to   space 4140544K, 0% used [0x00007fe380b00000,0x00007fe380b00000,0x00007fe47d680000)
 ParOldGen       total 29909504K, used 22134597K [0x00007fc769000000, 0x00007fce8a880000, 0x00007fe213b00000)
  object space 29909504K, 74% used [0x00007fc769000000,0x00007fccaffd1758,0x00007fce8a880000)
 Metaspace       used 132129K, capacity 145343K, committed 163584K, reserved 163840K
}
Event: 513.113 GC heap before
{Heap before GC invocations=38 (full 9):
 PSYoungGen      total 9924096K, used 7605177K [0x00007fe213b00000, 0x00007fe57a200000, 0x00007fef69000000)
  eden space 5980160K, 100% used [0x00007fe213b00000,0x00007fe380b00000,0x00007fe380b00000)
  from space 3943936K, 41% used [0x00007fe489680000,0x00007fe4ec96e7a8,0x00007fe57a200000)
  to   space 4140544K, 0% used [0x00007fe380b00000,0x00007fe380b00000,0x00007fe47d680000)
 ParOldGen       total 29909504K, used 22134597K [0x00007fc769000000, 0x00007fce8a880000, 0x00007fe213b00000)
  object space 29909504K, 74% used [0x00007fc769000000,0x00007fccaffd1758,0x00007fce8a880000)
 Metaspace       used 132537K, capacity 146136K, committed 163584K, reserved 163840K
Event: 513.301 GC heap after
Heap after GC invocations=38 (full 9):
 PSYoungGen      total 10120704K, used 1661808K [0x00007fe213b00000, 0x00007fe598680000, 0x00007fef69000000)
  eden space 5980160K, 0% used [0x00007fe213b00000,0x00007fe213b00000,0x00007fe380b00000)
  from space 4140544K, 40% used [0x00007fe380b00000,0x00007fe3e61dc1c0,0x00007fe47d680000)
  to   space 3952128K, 0% used [0x00007fe4a7300000,0x00007fe4a7300000,0x00007fe598680000)
 ParOldGen       total 29909504K, used 22134605K [0x00007fc769000000, 0x00007fce8a880000, 0x00007fe213b00000)
  object space 29909504K, 74% used [0x00007fc769000000,0x00007fccaffd3758,0x00007fce8a880000)
 Metaspace       used 132537K, capacity 146136K, committed 163584K, reserved 163840K
}
Event: 513.735 GC heap before
{Heap before GC invocations=39 (full 9):
 PSYoungGen      total 10120704K, used 7641968K [0x00007fe213b00000, 0x00007fe598680000, 0x00007fef69000000)
  eden space 5980160K, 100% used [0x00007fe213b00000,0x00007fe380b00000,0x00007fe380b00000)
  from space 4140544K, 40% used [0x00007fe380b00000,0x00007fe3e61dc1c0,0x00007fe47d680000)
  to   space 3952128K, 0% used [0x00007fe4a7300000,0x00007fe4a7300000,0x00007fe598680000)
 ParOldGen       total 29909504K, used 22134605K [0x00007fc769000000, 0x00007fce8a880000, 0x00007fe213b00000)
  object space 29909504K, 74% used [0x00007fc769000000,0x00007fccaffd3758,0x00007fce8a880000)
 Metaspace       used 132634K, capacity 146218K, committed 163840K, reserved 163840K
Event: 513.838 GC heap after
Heap after GC invocations=39 (full 9):
 PSYoungGen      total 10419200K, used 1072061K [0x00007fe213b00000, 0x00007fe581800000, 0x00007fef69000000)
  eden space 6842368K, 0% used [0x00007fe213b00000,0x00007fe213b00000,0x00007fe3b5500000)
  from space 3576832K, 29% used [0x00007fe4a7300000,0x00007fe4e89ef6e0,0x00007fe581800000)
  to   space 3769856K, 0% used [0x00007fe3b5500000,0x00007fe3b5500000,0x00007fe49b680000)
 ParOldGen       total 29909504K, used 22657862K [0x00007fc769000000, 0x00007fce8a880000, 0x00007fe213b00000)
  object space 29909504K, 75% used [0x00007fc769000000,0x00007fcccfed1bf8,0x00007fce8a880000)
 Metaspace       used 132634K, capacity 146218K, committed 163840K, reserved 163840K
}
Event: 514.279 GC heap before
{Heap before GC invocations=40 (full 9):
 PSYoungGen      total 10419200K, used 7914429K [0x00007fe213b00000, 0x00007fe581800000, 0x00007fef69000000)
  eden space 6842368K, 100% used [0x00007fe213b00000,0x00007fe3b5500000,0x00007fe3b5500000)
  from space 3576832K, 29% used [0x00007fe4a7300000,0x00007fe4e89ef6e0,0x00007fe581800000)
  to   space 3769856K, 0% used [0x00007fe3b5500000,0x00007fe3b5500000,0x00007fe49b680000)
 ParOldGen       total 29909504K, used 22657862K [0x00007fc769000000, 0x00007fce8a880000, 0x00007fe213b00000)
  object space 29909504K, 75% used [0x00007fc769000000,0x00007fcccfed1bf8,0x00007fce8a880000)
 Metaspace       used 132634K, capacity 146218K, committed 163840K, reserved 163840K
Event: 514.404 GC heap after
Heap after GC invocations=40 (full 9):
 PSYoungGen      total 10612224K, used 334149K [0x00007fe213b00000, 0x00007fe5b8380000, 0x00007fef69000000)
  eden space 6842368K, 0% used [0x00007fe213b00000,0x00007fe213b00000,0x00007fe3b5500000)
  from space 3769856K, 8% used [0x00007fe3b5500000,0x00007fe3c9b51548,0x00007fe49b680000)
  to   space 3720704K, 0% used [0x00007fe4d5200000,0x00007fe4d5200000,0x00007fe5b8380000)
 ParOldGen       total 29909504K, used 24066703K [0x00007fc769000000, 0x00007fce8a880000, 0x00007fe213b00000)
  object space 29909504K, 80% used [0x00007fc769000000,0x00007fcd25ea3db0,0x00007fce8a880000)
 Metaspace       used 132634K, capacity 146218K, committed 163840K, reserved 163840K
}
Event: 514.847 GC heap before
{Heap before GC invocations=41 (full 9):
 PSYoungGen      total 10612224K, used 7176517K [0x00007fe213b00000, 0x00007fe5b8380000, 0x00007fef69000000)
  eden space 6842368K, 100% used [0x00007fe213b00000,0x00007fe3b5500000,0x00007fe3b5500000)
  from space 3769856K, 8% used [0x00007fe3b5500000,0x00007fe3c9b51548,0x00007fe49b680000)
  to   space 3720704K, 0% used [0x00007fe4d5200000,0x00007fe4d5200000,0x00007fe5b8380000)
 ParOldGen       total 29909504K, used 24066703K [0x00007fc769000000, 0x00007fce8a880000, 0x00007fe213b00000)
  object space 29909504K, 80% used [0x00007fc769000000,0x00007fcd25ea3db0,0x00007fce8a880000)
 Metaspace       used 132637K, capacity 146218K, committed 163840K, reserved 163840K
Event: 514.894 GC heap after
Heap after GC invocations=41 (full 9):
 PSYoungGen      total 11243520K, used 381590K [0x00007fe213b00000, 0x00007fe5a9a80000, 0x00007fef69000000)
  eden space 7761408K, 0% used [0x00007fe213b00000,0x00007fe213b00000,0x00007fe3ed680000)
  from space 3482112K, 10% used [0x00007fe4d5200000,0x00007fe4ec6a59a0,0x00007fe5a9a80000)
  to   space 3639296K, 0% used [0x00007fe3ed680000,0x00007fe3ed680000,0x00007fe4cb880000)
 ParOldGen       total 29909504K, used 24103003K [0x00007fc769000000, 0x00007fce8a880000, 0x00007fe213b00000)
  object space 29909504K, 80% used [0x00007fc769000000,0x00007fcd28216cb8,0x00007fce8a880000)
 Metaspace       used 132637K, capacity 146218K, committed 163840K, reserved 163840K
}
Event: 515.394 GC heap before
{Heap before GC invocations=42 (full 9):
 PSYoungGen      total 11243520K, used 8142998K [0x00007fe213b00000, 0x00007fe5a9a80000, 0x00007fef69000000)
  eden space 7761408K, 100% used [0x00007fe213b00000,0x00007fe3ed680000,0x00007fe3ed680000)
  from space 3482112K, 10% used [0x00007fe4d5200000,0x00007fe4ec6a59a0,0x00007fe5a9a80000)
  to   space 3639296K, 0% used [0x00007fe3ed680000,0x00007fe3ed680000,0x00007fe4cb880000)
 ParOldGen       total 29909504K, used 24103003K [0x00007fc769000000, 0x00007fce8a880000, 0x00007fe213b00000)
  object space 29909504K, 80% used [0x00007fc769000000,0x00007fcd28216cb8,0x00007fce8a880000)
 Metaspace       used 132637K, capacity 146218K, committed 163840K, reserved 163840K
Event: 515.467 GC heap after
Heap after GC invocations=42 (full 9):
 PSYoungGen      total 11400704K, used 419442K [0x00007fe213b00000, 0x00007fe5cf880000, 0x00007fef69000000)
  eden space 7761408K, 0% used [0x00007fe213b00000,0x00007fe213b00000,0x00007fe3ed680000)
  from space 3639296K, 11% used [0x00007fe3ed680000,0x00007fe40701c950,0x00007fe4cb880000)
  to   space 3533824K, 0% used [0x00007fe4f7d80000,0x00007fe4f7d80000,0x00007fe5cf880000)
 ParOldGen       total 29909504K, used 24103003K [0x00007fc769000000, 0x00007fce8a880000, 0x00007fe213b00000)
  object space 29909504K, 80% used [0x00007fc769000000,0x00007fcd28216cb8,0x00007fce8a880000)
 Metaspace       used 132637K, capacity 146218K, committed 163840K, reserved 163840K
}
Event: 516.000 GC heap before
{Heap before GC invocations=43 (full 9):
 PSYoungGen      total 11400704K, used 8180850K [0x00007fe213b00000, 0x00007fe5cf880000, 0x00007fef69000000)
  eden space 7761408K, 100% used [0x00007fe213b00000,0x00007fe3ed680000,0x00007fe3ed680000)
  from space 3639296K, 11% used [0x00007fe3ed680000,0x00007fe40701c950,0x00007fe4cb880000)
  to   space 3533824K, 0% used [0x00007fe4f7d80000,0x00007fe4f7d80000,0x00007fe5cf880000)
 ParOldGen       total 29909504K, used 24103003K [0x00007fc769000000, 0x00007fce8a880000, 0x00007fe213b00000)
  object space 29909504K, 80% used [0x00007fc769000000,0x00007fcd28216cb8,0x00007fce8a880000)
 Metaspace       used 132637K, capacity 146218K, committed 163840K, reserved 163840K
Event: 516.057 GC heap after
Heap after GC invocations=43 (full 9):
 PSYoungGen      total 11785728K, used 433603K [0x00007fe213b00000, 0x00007fe5bde00000, 0x00007fef69000000)
  eden space 8541184K, 0% used [0x00007fe213b00000,0x00007fe213b00000,0x00007fe41d000000)
  from space 3244544K, 13% used [0x00007fe4f7d80000,0x00007fe5124f0e48,0x00007fe5bde00000)
  to   space 3415040K, 0% used [0x00007fe41d000000,0x00007fe41d000000,0x00007fe4ed700000)
 ParOldGen       total 29909504K, used 24103003K [0x00007fc769000000, 0x00007fce8a880000, 0x00007fe213b00000)
  object space 29909504K, 80% used [0x00007fc769000000,0x00007fcd28216cb8,0x00007fce8a880000)
 Metaspace       used 132637K, capacity 146218K, committed 163840K, reserved 163840K
}
Event: 516.660 GC heap before
{Heap before GC invocations=44 (full 9):
 PSYoungGen      total 11785728K, used 8974787K [0x00007fe213b00000, 0x00007fe5bde00000, 0x00007fef69000000)
  eden space 8541184K, 100% used [0x00007fe213b00000,0x00007fe41d000000,0x00007fe41d000000)
  from space 3244544K, 13% used [0x00007fe4f7d80000,0x00007fe5124f0e48,0x00007fe5bde00000)
  to   space 3415040K, 0% used [0x00007fe41d000000,0x00007fe41d000000,0x00007fe4ed700000)
 ParOldGen       total 29909504K, used 24103003K [0x00007fc769000000, 0x00007fce8a880000, 0x00007fe213b00000)
  object space 29909504K, 80% used [0x00007fc769000000,0x00007fcd28216cb8,0x00007fce8a880000)
 Metaspace       used 132637K, capacity 146218K, committed 163840K, reserved 163840K
Event: 516.723 GC heap after
Heap after GC invocations=44 (full 9):
 PSYoungGen      total 11956224K, used 438927K [0x00007fe213b00000, 0x00007fe5dfb80000, 0x00007fef69000000)
  eden space 8541184K, 0% used [0x00007fe213b00000,0x00007fe213b00000,0x00007fe41d000000)
  from space 3415040K, 12% used [0x00007fe41d000000,0x00007fe437ca3c18,0x00007fe4ed700000)
  to   space 3288064K, 0% used [0x00007fe517080000,0x00007fe517080000,0x00007fe5dfb80000)
 ParOldGen       total 29909504K, used 24103003K [0x00007fc769000000, 0x00007fce8a880000, 0x00007fe213b00000)
  object space 29909504K, 80% used [0x00007fc769000000,0x00007fcd28216cb8,0x00007fce8a880000)
 Metaspace       used 132637K, capacity 146218K, committed 163840K, reserved 163840K
}
Event: 517.313 GC heap before
{Heap before GC invocations=45 (full 9):
 PSYoungGen      total 11956224K, used 8980111K [0x00007fe213b00000, 0x00007fe5dfb80000, 0x00007fef69000000)
  eden space 8541184K, 100% used [0x00007fe213b00000,0x00007fe41d000000,0x00007fe41d000000)
  from space 3415040K, 12% used [0x00007fe41d000000,0x00007fe437ca3c18,0x00007fe4ed700000)
  to   space 3288064K, 0% used [0x00007fe517080000,0x00007fe517080000,0x00007fe5dfb80000)
 ParOldGen       total 29909504K, used 24103003K [0x00007fc769000000, 0x00007fce8a880000, 0x00007fe213b00000)
  object space 29909504K, 80% used [0x00007fc769000000,0x00007fcd28216cb8,0x00007fce8a880000)
 Metaspace       used 132637K, capacity 146218K, committed 163840K, reserved 163840K
Event: 517.363 GC heap after
Heap after GC invocations=45 (full 9):
 PSYoungGen      total 12253696K, used 472346K [0x00007fe213b00000, 0x00007fe5cba80000, 0x00007fef69000000)
  eden space 9294336K, 0% used [0x00007fe213b00000,0x00007fe213b00000,0x00007fe44af80000)
  from space 2959360K, 15% used [0x00007fe517080000,0x00007fe533dc6810,0x00007fe5cba80000)
  to   space 3151360K, 0% used [0x00007fe44af80000,0x00007fe44af80000,0x00007fe50b500000)
 ParOldGen       total 29909504K, used 24103003K [0x00007fc769000000, 0x00007fce8a880000, 0x00007fe213b00000)
  object space 29909504K, 80% used [0x00007fc769000000,0x00007fcd28216cb8,0x00007fce8a880000)
 Metaspace       used 132637K, capacity 146218K, committed 163840K, reserved 163840K
}
Event: 518.051 GC heap before
{Heap before GC invocations=46 (full 9):
 PSYoungGen      total 12253696K, used 9766682K [0x00007fe213b00000, 0x00007fe5cba80000, 0x00007fef69000000)
  eden space 9294336K, 100% used [0x00007fe213b00000,0x00007fe44af80000,0x00007fe44af80000)
  from space 2959360K, 15% used [0x00007fe517080000,0x00007fe533dc6810,0x00007fe5cba80000)
  to   space 3151360K, 0% used [0x00007fe44af80000,0x00007fe44af80000,0x00007fe50b500000)
 ParOldGen       total 29909504K, used 24103003K [0x00007fc769000000, 0x00007fce8a880000, 0x00007fe213b00000)
  object space 29909504K, 80% used [0x00007fc769000000,0x00007fcd28216cb8,0x00007fce8a880000)
 Metaspace       used 132790K, capacity 146379K, committed 163840K, reserved 163840K
Event: 518.119 GC heap after
Heap after GC invocations=46 (full 9):
 PSYoungGen      total 12445696K, used 479129K [0x00007fe213b00000, 0x00007fe5eaa00000, 0x00007fef69000000)
  eden space 9294336K, 0% used [0x00007fe213b00000,0x00007fe213b00000,0x00007fe44af80000)
  from space 3151360K, 15% used [0x00007fe44af80000,0x00007fe468366640,0x00007fe50b500000)
  to   space 3012608K, 0% used [0x00007fe532c00000,0x00007fe532c00000,0x00007fe5eaa00000)
 ParOldGen       total 29909504K, used 24103003K [0x00007fc769000000, 0x00007fce8a880000, 0x00007fe213b00000)
  object space 29909504K, 80% used [0x00007fc769000000,0x00007fcd28216cb8,0x00007fce8a880000)
 Metaspace       used 132790K, capacity 146379K, committed 163840K, reserved 163840K
}
Event: 518.827 GC heap before
{Heap before GC invocations=47 (full 9):
 PSYoungGen      total 12445696K, used 9773465K [0x00007fe213b00000, 0x00007fe5eaa00000, 0x00007fef69000000)
  eden space 9294336K, 100% used [0x00007fe213b00000,0x00007fe44af80000,0x00007fe44af80000)
  from space 3151360K, 15% used [0x00007fe44af80000,0x00007fe468366640,0x00007fe50b500000)
  to   space 3012608K, 0% used [0x00007fe532c00000,0x00007fe532c00000,0x00007fe5eaa00000)
 ParOldGen       total 29909504K, used 24103656K [0x00007fc769000000, 0x00007fce8a880000, 0x00007fe213b00000)
  object space 29909504K, 80% used [0x00007fc769000000,0x00007fcd282ba0b8,0x00007fce8a880000)
 Metaspace       used 133066K, capacity 146695K, committed 164096K, reserved 165888K
Event: 518.874 GC heap after
Heap after GC invocations=47 (full 9):
 PSYoungGen      total 12695552K, used 479026K [0x00007fe213b00000, 0x00007fe5d6200000, 0x00007fef69000000)
  eden space 10018816K, 0% used [0x00007fe213b00000,0x00007fe213b00000,0x00007fe477300000)
  from space 2676736K, 17% used [0x00007fe532c00000,0x00007fe54ffcc8c0,0x00007fe5d6200000)
  to   space 2874880K, 0% used [0x00007fe477300000,0x00007fe477300000,0x00007fe526a80000)
 ParOldGen       total 29909504K, used 24103664K [0x00007fc769000000, 0x00007fce8a880000, 0x00007fe213b00000)
  object space 29909504K, 80% used [0x00007fc769000000,0x00007fcd282bc0b8,0x00007fce8a880000)
 Metaspace       used 133066K, capacity 146695K, committed 164096K, reserved 165888K
}
Event: 519.605 GC heap before
{Heap before GC invocations=48 (full 9):
 PSYoungGen      total 12695552K, used 10497842K [0x00007fe213b00000, 0x00007fe5d6200000, 0x00007fef69000000)
  eden space 10018816K, 100% used [0x00007fe213b00000,0x00007fe477300000,0x00007fe477300000)
  from space 2676736K, 17% used [0x00007fe532c00000,0x00007fe54ffcc8c0,0x00007fe5d6200000)
  to   space 2874880K, 0% used [0x00007fe477300000,0x00007fe477300000,0x00007fe526a80000)
 ParOldGen       total 29909504K, used 24106126K [0x00007fc769000000, 0x00007fce8a880000, 0x00007fe213b00000)
  object space 29909504K, 80% used [0x00007fc769000000,0x00007fcd28523a10,0x00007fce8a880000)
 Metaspace       used 133368K, capacity 147052K, committed 164352K, reserved 165888K
Event: 519.670 GC heap after
Heap after GC invocations=48 (full 9):
 PSYoungGen      total 12893696K, used 559878K [0x00007fe213b00000, 0x00007fe5f1e00000, 0x00007fef69000000)
  eden space 10018816K, 0% used [0x00007fe213b00000,0x00007fe213b00000,0x00007fe477300000)
  from space 2874880K, 19% used [0x00007fe477300000,0x00007fe4995c1b98,0x00007fe526a80000)
  to   space 2725376K, 0% used [0x00007fe54b880000,0x00007fe54b880000,0x00007fe5f1e00000)
 ParOldGen       total 29909504K, used 24106134K [0x00007fc769000000, 0x00007fce8a880000, 0x00007fe213b00000)
  object space 29909504K, 80% used [0x00007fc769000000,0x00007fcd28525a10,0x00007fce8a880000)
 Metaspace       used 133368K, capacity 147052K, committed 164352K, reserved 165888K
}
Event: 520.684 GC heap before
{Heap before GC invocations=49 (full 9):
 PSYoungGen      total 12893696K, used 10578694K [0x00007fe213b00000, 0x00007fe5f1e00000, 0x00007fef69000000)
  eden space 10018816K, 100% used [0x00007fe213b00000,0x00007fe477300000,0x00007fe477300000)
  from space 2874880K, 19% used [0x00007fe477300000,0x00007fe4995c1b98,0x00007fe526a80000)
  to   space 2725376K, 0% used [0x00007fe54b880000,0x00007fe54b880000,0x00007fe5f1e00000)
 ParOldGen       total 29909504K, used 24106137K [0x00007fc769000000, 0x00007fce8a880000, 0x00007fe213b00000)
  object space 29909504K, 80% used [0x00007fc769000000,0x00007fcd285264e8,0x00007fce8a880000)
 Metaspace       used 133492K, capacity 147263K, committed 164352K, reserved 165888K
Event: 520.770 GC heap after
Heap after GC invocations=49 (full 9):
 PSYoungGen      total 13075968K, used 843656K [0x00007fe213b00000, 0x00007fe5d9b00000, 0x00007fef69000000)
  eden space 10746880K, 0% used [0x00007fe213b00000,0x00007fe213b00000,0x00007fe4a3a00000)
  from space 2329088K, 36% used [0x00007fe54b880000,0x00007fe57f062178,0x00007fe5d9b00000)
  to   space 2540032K, 0% used [0x00007fe4a3a00000,0x00007fe4a3a00000,0x00007fe53ea80000)
 ParOldGen       total 29909504K, used 24106145K [0x00007fc769000000, 0x00007fce8a880000, 0x00007fe213b00000)
  object space 29909504K, 80% used [0x00007fc769000000,0x00007fcd285284e8,0x00007fce8a880000)
 Metaspace       used 133492K, capacity 147263K, committed 164352K, reserved 165888K
}
Event: 521.512 GC heap before
{Heap before GC invocations=50 (full 9):
 PSYoungGen      total 13075968K, used 11590536K [0x00007fe213b00000, 0x00007fe5d9b00000, 0x00007fef69000000)
  eden space 10746880K, 100% used [0x00007fe213b00000,0x00007fe4a3a00000,0x00007fe4a3a00000)
  from space 2329088K, 36% used [0x00007fe54b880000,0x00007fe57f062178,0x00007fe5d9b00000)
  to   space 2540032K, 0% used [0x00007fe4a3a00000,0x00007fe4a3a00000,0x00007fe53ea80000)
 ParOldGen       total 29909504K, used 24109722K [0x00007fc769000000, 0x00007fce8a880000, 0x00007fe213b00000)
  object space 29909504K, 80% used [0x00007fc769000000,0x00007fcd288a6960,0x00007fce8a880000)
 Metaspace       used 133524K, capacity 147327K, committed 164608K, reserved 165888K
Event: 521.632 GC heap after
Heap after GC invocations=50 (full 9):
 PSYoungGen      total 13286912K, used 1065389K [0x00007fe213b00000, 0x00007fe5fd080000, 0x00007fef69000000)
  eden space 10746880K, 0% used [0x00007fe213b00000,0x00007fe213b00000,0x00007fe4a3a00000)
  from space 2540032K, 41% used [0x00007fe4a3a00000,0x00007fe4e4a6b540,0x00007fe53ea80000)
  to   space 2455040K, 0% used [0x00007fe567300000,0x00007fe567300000,0x00007fe5fd080000)
 ParOldGen       total 29909504K, used 24109730K [0x00007fc769000000, 0x00007fce8a880000, 0x00007fe213b00000)
  object space 29909504K, 80% used [0x00007fc769000000,0x00007fcd288a8960,0x00007fce8a880000)
 Metaspace       used 133524K, capacity 147327K, committed 164608K, reserved 165888K
}
Event: 522.816 GC heap before
{Heap before GC invocations=51 (full 9):
 PSYoungGen      total 13286912K, used 11812269K [0x00007fe213b00000, 0x00007fe5fd080000, 0x00007fef69000000)
  eden space 10746880K, 100% used [0x00007fe213b00000,0x00007fe4a3a00000,0x00007fe4a3a00000)
  from space 2540032K, 41% used [0x00007fe4a3a00000,0x00007fe4e4a6b540,0x00007fe53ea80000)
  to   space 2455040K, 0% used [0x00007fe567300000,0x00007fe567300000,0x00007fe5fd080000)
 ParOldGen       total 29909504K, used 24117923K [0x00007fc769000000, 0x00007fce8a880000, 0x00007fe213b00000)
  object space 29909504K, 80% used [0x00007fc769000000,0x00007fcd290a8fd8,0x00007fce8a880000)
 Metaspace       used 133603K, capacity 147391K, committed 164608K, reserved 165888K
Event: 522.950 GC heap after
Heap after GC invocations=51 (full 9):
 PSYoungGen      total 13915136K, used 1246911K [0x00007fe213b00000, 0x00007fe5faf80000, 0x00007fef69000000)
  eden space 11493888K, 0% used [0x00007fe213b00000,0x00007fe213b00000,0x00007fe4d1380000)
  from space 2421248K, 51% used [0x00007fe567300000,0x00007fe5b34afee0,0x00007fe5faf80000)
  to   space 2439168K, 0% used [0x00007fe4d1380000,0x00007fe4d1380000,0x00007fe566180000)
 ParOldGen       total 29909504K, used 24117931K [0x00007fc769000000, 0x00007fce8a880000, 0x00007fe213b00000)
  object space 29909504K, 80% used [0x00007fc769000000,0x00007fcd290aafd8,0x00007fce8a880000)
 Metaspace       used 133603K, capacity 147391K, committed 164608K, reserved 165888K
}
Event: 524.917 GC heap before
{Heap before GC invocations=52 (full 9):
 PSYoungGen      total 13915136K, used 12740799K [0x00007fe213b00000, 0x00007fe5faf80000, 0x00007fef69000000)
  eden space 11493888K, 100% used [0x00007fe213b00000,0x00007fe4d1380000,0x00007fe4d1380000)
  from space 2421248K, 51% used [0x00007fe567300000,0x00007fe5b34afee0,0x00007fe5faf80000)
  to   space 2439168K, 0% used [0x00007fe4d1380000,0x00007fe4d1380000,0x00007fe566180000)
 ParOldGen       total 29909504K, used 24117931K [0x00007fc769000000, 0x00007fce8a880000, 0x00007fe213b00000)
  object space 29909504K, 80% used [0x00007fc769000000,0x00007fcd290aafd8,0x00007fce8a880000)
 Metaspace       used 133631K, capacity 147463K, committed 164608K, reserved 165888K
Event: 525.103 GC heap after
Heap after GC invocations=52 (full 9):
 PSYoungGen      total 13933056K, used 1284517K [0x00007fe213b00000, 0x00007fe629180000, 0x00007fef69000000)
  eden space 11493888K, 0% used [0x00007fe213b00000,0x00007fe213b00000,0x00007fe4d1380000)
  from space 2439168K, 52% used [0x00007fe4d1380000,0x00007fe51f9e9490,0x00007fe566180000)
  to   space 2428416K, 0% used [0x00007fe594e00000,0x00007fe594e00000,0x00007fe629180000)
 ParOldGen       total 29909504K, used 24117939K [0x00007fc769000000, 0x00007fce8a880000, 0x00007fe213b00000)
  object space 29909504K, 80% used [0x00007fc769000000,0x00007fcd290acfd8,0x00007fce8a880000)
 Metaspace       used 133631K, capacity 147463K, committed 164608K, reserved 165888K
}
Event: 525.877 GC heap before
{Heap before GC invocations=53 (full 9):
 PSYoungGen      total 13933056K, used 12778405K [0x00007fe213b00000, 0x00007fe629180000, 0x00007fef69000000)
  eden space 11493888K, 100% used [0x00007fe213b00000,0x00007fe4d1380000,0x00007fe4d1380000)
  from space 2439168K, 52% used [0x00007fe4d1380000,0x00007fe51f9e9490,0x00007fe566180000)
  to   space 2428416K, 0% used [0x00007fe594e00000,0x00007fe594e00000,0x00007fe629180000)
 ParOldGen       total 29909504K, used 24117963K [0x00007fc769000000, 0x00007fce8a880000, 0x00007fe213b00000)
  object space 29909504K, 80% used [0x00007fc769000000,0x00007fcd290b2ec0,0x00007fce8a880000)
 Metaspace       used 133637K, capacity 147463K, committed 164608K, reserved 165888K
Event: 525.979 GC heap after
Heap after GC invocations=53 (full 9):
 PSYoungGen      total 14649344K, used 1209842K [0x00007fe213b00000, 0x00007fe624a80000, 0x00007fef69000000)
  eden space 12293632K, 0% used [0x00007fe213b00000,0x00007fe213b00000,0x00007fe502080000)
  from space 2355712K, 51% used [0x00007fe594e00000,0x00007fe5deb7cb00,0x00007fe624a80000)
  to   space 2380800K, 0% used [0x00007fe502080000,0x00007fe502080000,0x00007fe593580000)
 ParOldGen       total 29909504K, used 24117971K [0x00007fc769000000, 0x00007fce8a880000, 0x00007fe213b00000)
  object space 29909504K, 80% used [0x00007fc769000000,0x00007fcd290b4ec0,0x00007fce8a880000)
 Metaspace       used 133637K, capacity 147463K, committed 164608K, reserved 165888K
}
Event: 527.046 GC heap before
{Heap before GC invocations=54 (full 9):
 PSYoungGen      total 14649344K, used 13503474K [0x00007fe213b00000, 0x00007fe624a80000, 0x00007fef69000000)
  eden space 12293632K, 100% used [0x00007fe213b00000,0x00007fe502080000,0x00007fe502080000)
  from space 2355712K, 51% used [0x00007fe594e00000,0x00007fe5deb7cb00,0x00007fe624a80000)
  to   space 2380800K, 0% used [0x00007fe502080000,0x00007fe502080000,0x00007fe593580000)
 ParOldGen       total 29909504K, used 24117973K [0x00007fc769000000, 0x00007fce8a880000, 0x00007fe213b00000)
  object space 29909504K, 80% used [0x00007fc769000000,0x00007fcd290b5770,0x00007fce8a880000)
 Metaspace       used 133707K, capacity 147539K, committed 164608K, reserved 165888K
Event: 527.142 GC heap after
Heap after GC invocations=54 (full 9):
 PSYoungGen      total 14674432K, used 1367442K [0x00007fe213b00000, 0x00007fe657f80000, 0x00007fef69000000)
  eden space 12293632K, 0% used [0x00007fe213b00000,0x00007fe213b00000,0x00007fe502080000)
  from space 2380800K, 57% used [0x00007fe502080000,0x00007fe5557e4920,0x00007fe593580000)
  to   space 2388480K, 0% used [0x00007fe5c6300000,0x00007fe5c6300000,0x00007fe657f80000)
 ParOldGen       total 29909504K, used 24154648K [0x00007fc769000000, 0x00007fce8a880000, 0x00007fe213b00000)
  object space 29909504K, 80% used [0x00007fc769000000,0x00007fcd2b486398,0x00007fce8a880000)
 Metaspace       used 133707K, capacity 147539K, committed 164608K, reserved 165888K
}
Event: 527.906 GC heap before
{Heap before GC invocations=55 (full 9):
 PSYoungGen      total 14674432K, used 13661074K [0x00007fe213b00000, 0x00007fe657f80000, 0x00007fef69000000)
  eden space 12293632K, 100% used [0x00007fe213b00000,0x00007fe502080000,0x00007fe502080000)
  from space 2380800K, 57% used [0x00007fe502080000,0x00007fe5557e4920,0x00007fe593580000)
  to   space 2388480K, 0% used [0x00007fe5c6300000,0x00007fe5c6300000,0x00007fe657f80000)
 ParOldGen       total 29909504K, used 24155256K [0x00007fc769000000, 0x00007fce8a880000, 0x00007fe213b00000)
  object space 29909504K, 80% used [0x00007fc769000000,0x00007fcd2b51e318,0x00007fce8a880000)
 Metaspace       used 133722K, capacity 147603K, committed 164864K, reserved 165888K
Event: 528.077 GC heap after
Heap after GC invocations=55 (full 9):
 PSYoungGen      total 15369216K, used 1751111K [0x00007fe213b00000, 0x00007fe670080000, 0x00007fef69000000)
  eden space 12980736K, 0% used [0x00007fe213b00000,0x00007fe213b00000,0x00007fe52bf80000)
  from space 2388480K, 73% used [0x00007fe5c6300000,0x00007fe631111c28,0x00007fe657f80000)
  to   space 2526720K, 0% used [0x00007fe52bf80000,0x00007fe52bf80000,0x00007fe5c6300000)
 ParOldGen       total 29909504K, used 24181502K [0x00007fc769000000, 0x00007fce8a880000, 0x00007fe213b00000)
  object space 29909504K, 80% used [0x00007fc769000000,0x00007fcd2cebf9e8,0x00007fce8a880000)
 Metaspace       used 133722K, capacity 147603K, committed 164864K, reserved 165888K
}
Event: 528.895 GC heap before
{Heap before GC invocations=56 (full 9):
 PSYoungGen      total 15369216K, used 14731847K [0x00007fe213b00000, 0x00007fe670080000, 0x00007fef69000000)
  eden space 12980736K, 100% used [0x00007fe213b00000,0x00007fe52bf80000,0x00007fe52bf80000)
  from space 2388480K, 73% used [0x00007fe5c6300000,0x00007fe631111c28,0x00007fe657f80000)
  to   space 2526720K, 0% used [0x00007fe52bf80000,0x00007fe52bf80000,0x00007fe5c6300000)
 ParOldGen       total 29909504K, used 24181503K [0x00007fc769000000, 0x00007fce8a880000, 0x00007fe213b00000)
  object space 29909504K, 80% used [0x00007fc769000000,0x00007fcd2cebff28,0x00007fce8a880000)
 Metaspace       used 133742K, capacity 147603K, committed 164864K, reserved 165888K
Event: 529.031 GC heap after
Heap after GC invocations=56 (full 9):
 PSYoungGen      total 15507456K, used 1697606K [0x00007fe213b00000, 0x00007fe6a9580000, 0x00007fef69000000)
  eden space 12980736K, 0% used [0x00007fe213b00000,0x00007fe213b00000,0x00007fe52bf80000)
  from space 2526720K, 67% used [0x00007fe52bf80000,0x00007fe593951a70,0x00007fe5c6300000)
  to   space 2611200K, 0% used [0x00007fe609f80000,0x00007fe609f80000,0x00007fe6a9580000)
 ParOldGen       total 29909504K, used 24206831K [0x00007fc769000000, 0x00007fce8a880000, 0x00007fe213b00000)
  object space 29909504K, 80% used [0x00007fc769000000,0x00007fcd2e77be68,0x00007fce8a880000)
 Metaspace       used 133742K, capacity 147603K, committed 164864K, reserved 165888K
}
Event: 529.855 GC heap before
{Heap before GC invocations=57 (full 9):
 PSYoungGen      total 15507456K, used 14678342K [0x00007fe213b00000, 0x00007fe6a9580000, 0x00007fef69000000)
  eden space 12980736K, 100% used [0x00007fe213b00000,0x00007fe52bf80000,0x00007fe52bf80000)
  from space 2526720K, 67% used [0x00007fe52bf80000,0x00007fe593951a70,0x00007fe5c6300000)
  to   space 2611200K, 0% used [0x00007fe609f80000,0x00007fe609f80000,0x00007fe6a9580000)
 ParOldGen       total 29909504K, used 24209461K [0x00007fc769000000, 0x00007fce8a880000, 0x00007fe213b00000)
  object space 29909504K, 80% used [0x00007fc769000000,0x00007fcd2ea0d610,0x00007fce8a880000)
 Metaspace       used 133827K, capacity 147667K, committed 164864K, reserved 165888K
Event: 530.033 GC heap after
Heap after GC invocations=57 (full 9):
 PSYoungGen      total 16530944K, used 1772587K [0x00007fe213b00000, 0x00007fe6b8200000, 0x00007fef69000000)
  eden space 13919744K, 0% used [0x00007fe213b00000,0x00007fe213b00000,0x00007fe565480000)
  from space 2611200K, 67% used [0x00007fe609f80000,0x00007fe67628ac18,0x00007fe6a9580000)
  to   space 2698240K, 0% used [0x00007fe565480000,0x00007fe565480000,0x00007fe609f80000)
 ParOldGen       total 29909504K, used 24229679K [0x00007fc769000000, 0x00007fce8a880000, 0x00007fe213b00000)
  object space 29909504K, 81% used [0x00007fc769000000,0x00007fcd2fdcbfe0,0x00007fce8a880000)
 Metaspace       used 133827K, capacity 147667K, committed 164864K, reserved 165888K
}
Event: 530.926 GC heap before
{Heap before GC invocations=58 (full 9):
 PSYoungGen      total 16530944K, used 15692331K [0x00007fe213b00000, 0x00007fe6b8200000, 0x00007fef69000000)
  eden space 13919744K, 100% used [0x00007fe213b00000,0x00007fe565480000,0x00007fe565480000)
  from space 2611200K, 67% used [0x00007fe609f80000,0x00007fe67628ac18,0x00007fe6a9580000)
  to   space 2698240K, 0% used [0x00007fe565480000,0x00007fe565480000,0x00007fe609f80000)
 ParOldGen       total 29909504K, used 24230689K [0x00007fc769000000, 0x00007fce8a880000, 0x00007fe213b00000)
  object space 29909504K, 81% used [0x00007fc769000000,0x00007fcd2fec8738,0x00007fce8a880000)
 Metaspace       used 133869K, capacity 147731K, committed 164864K, reserved 165888K
Event: 531.055 GC heap after
Heap after GC invocations=58 (full 9):
 PSYoungGen      total 16617984K, used 1777777K [0x00007fe213b00000, 0x00007fe6f9b00000, 0x00007fef69000000)
  eden space 13919744K, 0% used [0x00007fe213b00000,0x00007fe213b00000,0x00007fe565480000)
  from space 2698240K, 65% used [0x00007fe565480000,0x00007fe5d1c9c750,0x00007fe609f80000)
  to   space 2761216K, 0% used [0x00007fe651280000,0x00007fe651280000,0x00007fe6f9b00000)
 ParOldGen       total 29909504K, used 24257404K [0x00007fc769000000, 0x00007fce8a880000, 0x00007fe213b00000)
  object space 29909504K, 81% used [0x00007fc769000000,0x00007fcd318df360,0x00007fce8a880000)
 Metaspace       used 133869K, capacity 147731K, committed 164864K, reserved 165888K
}
Event: 531.912 GC heap before
{Heap before GC invocations=59 (full 9):
 PSYoungGen      total 16617984K, used 15697521K [0x00007fe213b00000, 0x00007fe6f9b00000, 0x00007fef69000000)
  eden space 13919744K, 100% used [0x00007fe213b00000,0x00007fe565480000,0x00007fe565480000)
  from space 2698240K, 65% used [0x00007fe565480000,0x00007fe5d1c9c750,0x00007fe609f80000)
  to   space 2761216K, 0% used [0x00007fe651280000,0x00007fe651280000,0x00007fe6f9b00000)
 ParOldGen       total 29909504K, used 24257407K [0x00007fc769000000, 0x00007fce8a880000, 0x00007fe213b00000)
  object space 29909504K, 81% used [0x00007fc769000000,0x00007fcd318dffc8,0x00007fce8a880000)
 Metaspace       used 133918K, capacity 147735K, committed 164864K, reserved 165888K
Event: 532.072 GC heap after
Heap after GC invocations=59 (full 9):
 PSYoungGen      total 17788928K, used 1654533K [0x00007fe213b00000, 0x00007fe6fae00000, 0x00007fef69000000)
  eden space 15027712K, 0% used [0x00007fe213b00000,0x00007fe213b00000,0x00007fe5a8e80000)
  from space 2761216K, 59% used [0x00007fe651280000,0x00007fe6b62415d8,0x00007fe6f9b00000)
  to   space 2756608K, 0% used [0x00007fe5a8e80000,0x00007fe5a8e80000,0x00007fe651280000)
 ParOldGen       total 29909504K, used 24269029K [0x00007fc769000000, 0x00007fce8a880000, 0x00007fe213b00000)
  object space 29909504K, 81% used [0x00007fc769000000,0x00007fcd324395e8,0x00007fce8a880000)
 Metaspace       used 133918K, capacity 147735K, committed 164864K, reserved 165888K
}
Event: 533.077 GC heap before
{Heap before GC invocations=60 (full 9):
 PSYoungGen      total 17788928K, used 16682245K [0x00007fe213b00000, 0x00007fe6fae00000, 0x00007fef69000000)
  eden space 15027712K, 100% used [0x00007fe213b00000,0x00007fe5a8e80000,0x00007fe5a8e80000)
  from space 2761216K, 59% used [0x00007fe651280000,0x00007fe6b62415d8,0x00007fe6f9b00000)
  to   space 2756608K, 0% used [0x00007fe5a8e80000,0x00007fe5a8e80000,0x00007fe651280000)
 ParOldGen       total 29909504K, used 24270136K [0x00007fc769000000, 0x00007fce8a880000, 0x00007fe213b00000)
  object space 29909504K, 81% used [0x00007fc769000000,0x00007fcd3254e2b8,0x00007fce8a880000)
 Metaspace       used 134013K, capacity 147807K, committed 164864K, reserved 165888K
Event: 533.217 GC heap after
Heap after GC invocations=60 (full 9):
 PSYoungGen      total 17784320K, used 1689239K [0x00007fe213b00000, 0x00007fe742380000, 0x00007fef69000000)
  eden space 15027712K, 0% used [0x00007fe213b00000,0x00007fe213b00000,0x00007fe5a8e80000)
  from space 2756608K, 61% used [0x00007fe5a8e80000,0x00007fe610025dd8,0x00007fe651280000)
  to   space 2755072K, 0% used [0x00007fe69a100000,0x00007fe69a100000,0x00007fe742380000)
 ParOldGen       total 29909504K, used 24283660K [0x00007fc769000000, 0x00007fce8a880000, 0x00007fe213b00000)
  object space 29909504K, 81% used [0x00007fc769000000,0x00007fcd33283258,0x00007fce8a880000)
 Metaspace       used 134013K, capacity 147807K, committed 164864K, reserved 165888K
}
Event: 534.192 GC heap before
{Heap before GC invocations=61 (full 9):
 PSYoungGen      total 17784320K, used 16716951K [0x00007fe213b00000, 0x00007fe742380000, 0x00007fef69000000)
  eden space 15027712K, 100% used [0x00007fe213b00000,0x00007fe5a8e80000,0x00007fe5a8e80000)
  from space 2756608K, 61% used [0x00007fe5a8e80000,0x00007fe610025dd8,0x00007fe651280000)
  to   space 2755072K, 0% used [0x00007fe69a100000,0x00007fe69a100000,0x00007fe742380000)
 ParOldGen       total 29909504K, used 24284428K [0x00007fc769000000, 0x00007fce8a880000, 0x00007fe213b00000)
  object space 29909504K, 81% used [0x00007fc769000000,0x00007fcd33343050,0x00007fce8a880000)
 Metaspace       used 134020K, capacity 147871K, committed 165120K, reserved 165888K
Event: 534.365 GC heap after
Heap after GC invocations=61 (full 9):
 PSYoungGen      total 18938880K, used 1612649K [0x00007fe213b00000, 0x00007fe73e880000, 0x00007fef69000000)
  eden space 16244224K, 0% used [0x00007fe213b00000,0x00007fe213b00000,0x00007fe5f3280000)
  from space 2694656K, 59% used [0x00007fe69a100000,0x00007fe6fc7da5d8,0x00007fe73e880000)
  to   space 2714624K, 0% used [0x00007fe5f3280000,0x00007fe5f3280000,0x00007fe698d80000)
 ParOldGen       total 29909504K, used 24319210K [0x00007fc769000000, 0x00007fce8a880000, 0x00007fe213b00000)
  object space 29909504K, 81% used [0x00007fc769000000,0x00007fcd3553aa28,0x00007fce8a880000)
 Metaspace       used 134020K, capacity 147871K, committed 165120K, reserved 165888K
}
Event: 535.432 GC heap before
{Heap before GC invocations=62 (full 9):
 PSYoungGen      total 18938880K, used 17856873K [0x00007fe213b00000, 0x00007fe73e880000, 0x00007fef69000000)
  eden space 16244224K, 100% used [0x00007fe213b00000,0x00007fe5f3280000,0x00007fe5f3280000)
  from space 2694656K, 59% used [0x00007fe69a100000,0x00007fe6fc7da5d8,0x00007fe73e880000)
  to   space 2714624K, 0% used [0x00007fe5f3280000,0x00007fe5f3280000,0x00007fe698d80000)
 ParOldGen       total 29909504K, used 24319212K [0x00007fc769000000, 0x00007fce8a880000, 0x00007fe213b00000)
  object space 29909504K, 81% used [0x00007fc769000000,0x00007fcd3553b308,0x00007fce8a880000)
 Metaspace       used 134032K, capacity 147935K, committed 165120K, reserved 165888K
Event: 535.604 GC heap after
Heap after GC invocations=62 (full 9):
 PSYoungGen      total 18958848K, used 1586094K [0x00007fe213b00000, 0x00007fe788380000, 0x00007fef69000000)
  eden space 16244224K, 0% used [0x00007fe213b00000,0x00007fe213b00000,0x00007fe5f3280000)
  from space 2714624K, 58% used [0x00007fe5f3280000,0x00007fe653f6b858,0x00007fe698d80000)
  to   space 2661376K, 0% used [0x00007fe6e5c80000,0x00007fe6e5c80000,0x00007fe788380000)
 ParOldGen       total 29909504K, used 24395956K [0x00007fc769000000, 0x00007fce8a880000, 0x00007fe213b00000)
  object space 29909504K, 81% used [0x00007fc769000000,0x00007fcd3a02d008,0x00007fce8a880000)
 Metaspace       used 134032K, capacity 147935K, committed 165120K, reserved 165888K
}
Event: 536.665 GC heap before
{Heap before GC invocations=63 (full 9):
 PSYoungGen      total 18958848K, used 17830318K [0x00007fe213b00000, 0x00007fe788380000, 0x00007fef69000000)
  eden space 16244224K, 100% used [0x00007fe213b00000,0x00007fe5f3280000,0x00007fe5f3280000)
  from space 2714624K, 58% used [0x00007fe5f3280000,0x00007fe653f6b858,0x00007fe698d80000)
  to   space 2661376K, 0% used [0x00007fe6e5c80000,0x00007fe6e5c80000,0x00007fe788380000)
 ParOldGen       total 29909504K, used 24398662K [0x00007fc769000000, 0x00007fce8a880000, 0x00007fe213b00000)
  object space 29909504K, 81% used [0x00007fc769000000,0x00007fcd3a2d1a60,0x00007fce8a880000)
 Metaspace       used 134033K, capacity 147935K, committed 165120K, reserved 165888K
Event: 536.829 GC heap after
Heap after GC invocations=63 (full 9):
 PSYoungGen      total 19982848K, used 1294143K [0x00007fe213b00000, 0x00007fe77a380000, 0x00007fef69000000)
  eden space 17550848K, 0% used [0x00007fe213b00000,0x00007fe213b00000,0x00007fe642e80000)
  from space 2432000K, 53% used [0x00007fe6e5c80000,0x00007fe734c4fee0,0x00007fe77a380000)
  to   space 2550272K, 0% used [0x00007fe642e80000,0x00007fe642e80000,0x00007fe6de900000)
 ParOldGen       total 29909504K, used 24541927K [0x00007fc769000000, 0x00007fce8a880000, 0x00007fe213b00000)
  object space 29909504K, 82% used [0x00007fc769000000,0x00007fcd42eb9dc0,0x00007fce8a880000)
 Metaspace       used 134033K, capacity 147935K, committed 165120K, reserved 165888K
}
Event: 538.195 GC heap before
{Heap before GC invocations=64 (full 9):
 PSYoungGen      total 19982848K, used 18844991K [0x00007fe213b00000, 0x00007fe77a380000, 0x00007fef69000000)
  eden space 17550848K, 100% used [0x00007fe213b00000,0x00007fe642e80000,0x00007fe642e80000)
  from space 2432000K, 53% used [0x00007fe6e5c80000,0x00007fe734c4fee0,0x00007fe77a380000)
  to   space 2550272K, 0% used [0x00007fe642e80000,0x00007fe642e80000,0x00007fe6de900000)
 ParOldGen       total 29909504K, used 24551233K [0x00007fc769000000, 0x00007fce8a880000, 0x00007fe213b00000)
  object space 29909504K, 82% used [0x00007fc769000000,0x00007fcd437d0798,0x00007fce8a880000)
 Metaspace       used 134088K, capacity 147943K, committed 165120K, reserved 165888K
Event: 538.318 GC heap after
Heap after GC invocations=64 (full 9):
 PSYoungGen      total 20101120K, used 1176750K [0x00007fe213b00000, 0x00007fe7c0b00000, 0x00007fef69000000)
  eden space 17550848K, 0% used [0x00007fe213b00000,0x00007fe213b00000,0x00007fe642e80000)
  from space 2550272K, 46% used [0x00007fe642e80000,0x00007fe68abab9b8,0x00007fe6de900000)
  to   space 2467328K, 0% used [0x00007fe72a180000,0x00007fe72a180000,0x00007fe7c0b00000)
 ParOldGen       total 29909504K, used 24599870K [0x00007fc769000000, 0x00007fce8a880000, 0x00007fe213b00000)
  object space 29909504K, 82% used [0x00007fc769000000,0x00007fcd4674f960,0x00007fce8a880000)
 Metaspace       used 134088K, capacity 147943K, committed 165120K, reserved 165888K
}
Event: 539.541 GC heap before
{Heap before GC invocations=65 (full 9):
 PSYoungGen      total 20101120K, used 18727598K [0x00007fe213b00000, 0x00007fe7c0b00000, 0x00007fef69000000)
  eden space 17550848K, 100% used [0x00007fe213b00000,0x00007fe642e80000,0x00007fe642e80000)
  from space 2550272K, 46% used [0x00007fe642e80000,0x00007fe68abab9b8,0x00007fe6de900000)
  to   space 2467328K, 0% used [0x00007fe72a180000,0x00007fe72a180000,0x00007fe7c0b00000)
 ParOldGen       total 29909504K, used 24599944K [0x00007fc769000000, 0x00007fce8a880000, 0x00007fe213b00000)
  object space 29909504K, 82% used [0x00007fc769000000,0x00007fcd467623a8,0x00007fce8a880000)
 Metaspace       used 134133K, capacity 148075K, committed 165120K, reserved 165888K
Event: 539.665 GC heap after
Heap after GC invocations=65 (full 9):
 PSYoungGen      total 21077504K, used 1143867K [0x00007fe213b00000, 0x00007fe7b4300000, 0x00007fef69000000)
  eden space 18814976K, 0% used [0x00007fe213b00000,0x00007fe213b00000,0x00007fe690100000)
  from space 2262528K, 50% used [0x00007fe72a180000,0x00007fe76fe8ec70,0x00007fe7b4300000)
  to   space 2393088K, 0% used [0x00007fe690100000,0x00007fe690100000,0x00007fe722200000)
 ParOldGen       total 29909504K, used 24600429K [0x00007fc769000000, 0x00007fce8a880000, 0x00007fe213b00000)
  object space 29909504K, 82% used [0x00007fc769000000,0x00007fcd467db558,0x00007fce8a880000)
 Metaspace       used 134133K, capacity 148075K, committed 165120K, reserved 165888K
}
Event: 540.977 GC heap before
{Heap before GC invocations=66 (full 9):
 PSYoungGen      total 21077504K, used 19958843K [0x00007fe213b00000, 0x00007fe7b4300000, 0x00007fef69000000)
  eden space 18814976K, 100% used [0x00007fe213b00000,0x00007fe690100000,0x00007fe690100000)
  from space 2262528K, 50% used [0x00007fe72a180000,0x00007fe76fe8ec70,0x00007fe7b4300000)
  to   space 2393088K, 0% used [0x00007fe690100000,0x00007fe690100000,0x00007fe722200000)
 ParOldGen       total 29909504K, used 24604698K [0x00007fc769000000, 0x00007fce8a880000, 0x00007fe213b00000)
  object space 29909504K, 82% used [0x00007fc769000000,0x00007fcd46c06818,0x00007fce8a880000)
 Metaspace       used 134175K, capacity 148147K, committed 165376K, reserved 165888K
Event: 541.121 GC heap after
Heap after GC invocations=66 (full 9):
 PSYoungGen      total 21208064K, used 1565967K [0x00007fe213b00000, 0x00007fe7fe700000, 0x00007fef69000000)
  eden space 18814976K, 0% used [0x00007fe213b00000,0x00007fe213b00000,0x00007fe690100000)
  from space 2393088K, 65% used [0x00007fe690100000,0x00007fe6efa43d18,0x00007fe722200000)
  to   space 2372096K, 0% used [0x00007fe76da80000,0x00007fe76da80000,0x00007fe7fe700000)
 ParOldGen       total 29909504K, used 24605066K [0x00007fc769000000, 0x00007fce8a880000, 0x00007fe213b00000)
  object space 29909504K, 82% used [0x00007fc769000000,0x00007fcd46c62818,0x00007fce8a880000)
 Metaspace       used 134175K, capacity 148147K, committed 165376K, reserved 165888K
}
Event: 542.471 GC heap before
{Heap before GC invocations=67 (full 9):
 PSYoungGen      total 21208064K, used 20380943K [0x00007fe213b00000, 0x00007fe7fe700000, 0x00007fef69000000)
  eden space 18814976K, 100% used [0x00007fe213b00000,0x00007fe690100000,0x00007fe690100000)
  from space 2393088K, 65% used [0x00007fe690100000,0x00007fe6efa43d18,0x00007fe722200000)
  to   space 2372096K, 0% used [0x00007fe76da80000,0x00007fe76da80000,0x00007fe7fe700000)
 ParOldGen       total 29909504K, used 24606535K [0x00007fc769000000, 0x00007fce8a880000, 0x00007fe213b00000)
  object space 29909504K, 82% used [0x00007fc769000000,0x00007fcd46dd1e20,0x00007fce8a880000)
 Metaspace       used 134182K, capacity 148211K, committed 165376K, reserved 165888K
Event: 542.652 GC heap after
Heap after GC invocations=67 (full 9):
 PSYoungGen      total 22406656K, used 1548304K [0x00007fe213b00000, 0x00007fe7fb500000, 0x00007fef69000000)
  eden space 20085760K, 0% used [0x00007fe213b00000,0x00007fe213b00000,0x00007fe6dda00000)
  from space 2320896K, 66% used [0x00007fe76da80000,0x00007fe7cc284168,0x00007fe7fb500000)
  to   space 2340352K, 0% used [0x00007fe6dda00000,0x00007fe6dda00000,0x00007fe76c780000)
 ParOldGen       total 29909504K, used 24606863K [0x00007fc769000000, 0x00007fce8a880000, 0x00007fe213b00000)
  object space 29909504K, 82% used [0x00007fc769000000,0x00007fcd46e23e20,0x00007fce8a880000)
 Metaspace       used 134182K, capacity 148211K, committed 165376K, reserved 165888K
}
Event: 544.116 GC heap before
{Heap before GC invocations=68 (full 9):
 PSYoungGen      total 22406656K, used 21634064K [0x00007fe213b00000, 0x00007fe7fb500000, 0x00007fef69000000)
  eden space 20085760K, 100% used [0x00007fe213b00000,0x00007fe6dda00000,0x00007fe6dda00000)
  from space 2320896K, 66% used [0x00007fe76da80000,0x00007fe7cc284168,0x00007fe7fb500000)
  to   space 2340352K, 0% used [0x00007fe6dda00000,0x00007fe6dda00000,0x00007fe76c780000)
 ParOldGen       total 29909504K, used 24610077K [0x00007fc769000000, 0x00007fce8a880000, 0x00007fe213b00000)
  object space 29909504K, 82% used [0x00007fc769000000,0x00007fcd471475b0,0x00007fce8a880000)
 Metaspace       used 134185K, capacity 148211K, committed 165376K, reserved 165888K
Event: 544.267 GC heap after
Heap after GC invocations=68 (full 9):
 PSYoungGen      total 22426112K, used 1521789K [0x00007fe213b00000, 0x00007fe846580000, 0x00007fef69000000)
  eden space 20085760K, 0% used [0x00007fe213b00000,0x00007fe213b00000,0x00007fe6dda00000)
  from space 2340352K, 65% used [0x00007fe6dda00000,0x00007fe73a81f518,0x00007fe76c780000)
  to   space 2297344K, 0% used [0x00007fe7ba200000,0x00007fe7ba200000,0x00007fe846580000)
 ParOldGen       total 29909504K, used 24611405K [0x00007fc769000000, 0x00007fce8a880000, 0x00007fe213b00000)
  object space 29909504K, 82% used [0x00007fc769000000,0x00007fcd47293620,0x00007fce8a880000)
 Metaspace       used 134185K, capacity 148211K, committed 165376K, reserved 165888K
}
Event: 545.639 GC heap before
{Heap before GC invocations=69 (full 9):
 PSYoungGen      total 22426112K, used 21607549K [0x00007fe213b00000, 0x00007fe846580000, 0x00007fef69000000)
  eden space 20085760K, 100% used [0x00007fe213b00000,0x00007fe6dda00000,0x00007fe6dda00000)
  from space 2340352K, 65% used [0x00007fe6dda00000,0x00007fe73a81f518,0x00007fe76c780000)
  to   space 2297344K, 0% used [0x00007fe7ba200000,0x00007fe7ba200000,0x00007fe846580000)
 ParOldGen       total 29909504K, used 24611552K [0x00007fc769000000, 0x00007fce8a880000, 0x00007fe213b00000)
  object space 29909504K, 82% used [0x00007fc769000000,0x00007fcd472b8038,0x00007fce8a880000)
 Metaspace       used 134234K, capacity 148219K, committed 165376K, reserved 165888K
Event: 545.831 GC heap after
Heap after GC invocations=69 (full 9):
 PSYoungGen      total 23707648K, used 1612298K [0x00007fe213b00000, 0x00007fe847080000, 0x00007fef69000000)
  eden space 21410304K, 0% used [0x00007fe213b00000,0x00007fe213b00000,0x00007fe72e780000)
  from space 2297344K, 70% used [0x00007fe7ba200000,0x00007fe81c882828,0x00007fe846580000)
  to   space 2288128K, 0% used [0x00007fe72e780000,0x00007fe72e780000,0x00007fe7ba200000)
 ParOldGen       total 29909504K, used 24613627K [0x00007fc769000000, 0x00007fce8a880000, 0x00007fe213b00000)
  object space 29909504K, 82% used [0x00007fc769000000,0x00007fcd474bec78,0x00007fce8a880000)
 Metaspace       used 134234K, capacity 148219K, committed 165376K, reserved 165888K
}
Event: 547.432 GC heap before
{Heap before GC invocations=70 (full 9):
 PSYoungGen      total 23707648K, used 23022602K [0x00007fe213b00000, 0x00007fe847080000, 0x00007fef69000000)
  eden space 21410304K, 100% used [0x00007fe213b00000,0x00007fe72e780000,0x00007fe72e780000)
  from space 2297344K, 70% used [0x00007fe7ba200000,0x00007fe81c882828,0x00007fe846580000)
  to   space 2288128K, 0% used [0x00007fe72e780000,0x00007fe72e780000,0x00007fe7ba200000)
 ParOldGen       total 29909504K, used 24614200K [0x00007fc769000000, 0x00007fce8a880000, 0x00007fe213b00000)
  object space 29909504K, 82% used [0x00007fc769000000,0x00007fcd4754e248,0x00007fce8a880000)
 Metaspace       used 134286K, capacity 148347K, committed 165376K, reserved 165888K
Event: 547.606 GC heap after
Heap after GC invocations=70 (full 9):
 PSYoungGen      total 23698432K, used 1871837K [0x00007fe213b00000, 0x00007fe8a5580000, 0x00007fef69000000)
  eden space 21410304K, 0% used [0x00007fe213b00000,0x00007fe213b00000,0x00007fe72e780000)
  from space 2288128K, 81% used [0x00007fe72e780000,0x00007fe7a0b77428,0x00007fe7ba200000)
  to   space 2369536K, 0% used [0x00007fe814b80000,0x00007fe814b80000,0x00007fe8a5580000)
 ParOldGen       total 29909504K, used 24623476K [0x00007fc769000000, 0x00007fce8a880000, 0x00007fe213b00000)
  object space 29909504K, 82% used [0x00007fc769000000,0x00007fcd47e5d288,0x00007fce8a880000)
 Metaspace       used 134286K, capacity 148347K, committed 165376K, reserved 165888K
}
Event: 549.126 GC heap before
{Heap before GC invocations=71 (full 9):
 PSYoungGen      total 23698432K, used 23282141K [0x00007fe213b00000, 0x00007fe8a5580000, 0x00007fef69000000)
  eden space 21410304K, 100% used [0x00007fe213b00000,0x00007fe72e780000,0x00007fe72e780000)
  from space 2288128K, 81% used [0x00007fe72e780000,0x00007fe7a0b77428,0x00007fe7ba200000)
  to   space 2369536K, 0% used [0x00007fe814b80000,0x00007fe814b80000,0x00007fe8a5580000)
 ParOldGen       total 29909504K, used 24627243K [0x00007fc769000000, 0x00007fce8a880000, 0x00007fe213b00000)
  object space 29909504K, 82% used [0x00007fc769000000,0x00007fcd4820add0,0x00007fce8a880000)
 Metaspace       used 134286K, capacity 148347K, committed 165376K, reserved 165888K
Event: 549.324 GC heap after
Heap after GC invocations=71 (full 9):
 PSYoungGen      total 25142784K, used 1814362K [0x00007fe213b00000, 0x00007fe8ab300000, 0x00007fef69000000)
  eden space 22773248K, 0% used [0x00007fe213b00000,0x00007fe213b00000,0x00007fe781a80000)
  from space 2369536K, 76% used [0x00007fe814b80000,0x00007fe883756be8,0x00007fe8a5580000)
  to   space 2409472K, 0% used [0x00007fe781a80000,0x00007fe781a80000,0x00007fe814b80000)
 ParOldGen       total 29909504K, used 24631263K [0x00007fc769000000, 0x00007fce8a880000, 0x00007fe213b00000)
  object space 29909504K, 82% used [0x00007fc769000000,0x00007fcd485f7c10,0x00007fce8a880000)
 Metaspace       used 134286K, capacity 148347K, committed 165376K, reserved 165888K
}
Event: 550.887 GC heap before
{Heap before GC invocations=72 (full 9):
 PSYoungGen      total 25142784K, used 24587610K [0x00007fe213b00000, 0x00007fe8ab300000, 0x00007fef69000000)
  eden space 22773248K, 100% used [0x00007fe213b00000,0x00007fe781a80000,0x00007fe781a80000)
  from space 2369536K, 76% used [0x00007fe814b80000,0x00007fe883756be8,0x00007fe8a5580000)
  to   space 2409472K, 0% used [0x00007fe781a80000,0x00007fe781a80000,0x00007fe814b80000)
 ParOldGen       total 29909504K, used 24631674K [0x00007fc769000000, 0x00007fce8a880000, 0x00007fe213b00000)
  object space 29909504K, 82% used [0x00007fc769000000,0x00007fcd4865eb38,0x00007fce8a880000)
 Metaspace       used 134286K, capacity 148347K, committed 165376K, reserved 165888K
Event: 551.059 GC heap after
Heap after GC invocations=72 (full 9):
 PSYoungGen      total 25182720K, used 1650742K [0x00007fe213b00000, 0x00007fe8fe200000, 0x00007fef69000000)
  eden space 22773248K, 0% used [0x00007fe213b00000,0x00007fe213b00000,0x00007fe781a80000)
  from space 2409472K, 68% used [0x00007fe781a80000,0x00007fe7e668d970,0x00007fe814b80000)
  to   space 2375680K, 0% used [0x00007fe86d200000,0x00007fe86d200000,0x00007fe8fe200000)
 ParOldGen       total 29909504K, used 24636443K [0x00007fc769000000, 0x00007fce8a880000, 0x00007fe213b00000)
  object space 29909504K, 82% used [0x00007fc769000000,0x00007fcd48b06eb8,0x00007fce8a880000)
 Metaspace       used 134286K, capacity 148347K, committed 165376K, reserved 165888K
}
Event: 552.703 GC heap before
{Heap before GC invocations=73 (full 9):
 PSYoungGen      total 25182720K, used 24423990K [0x00007fe213b00000, 0x00007fe8fe200000, 0x00007fef69000000)
  eden space 22773248K, 100% used [0x00007fe213b00000,0x00007fe781a80000,0x00007fe781a80000)
  from space 2409472K, 68% used [0x00007fe781a80000,0x00007fe7e668d970,0x00007fe814b80000)
  to   space 2375680K, 0% used [0x00007fe86d200000,0x00007fe86d200000,0x00007fe8fe200000)
 ParOldGen       total 29909504K, used 24637700K [0x00007fc769000000, 0x00007fce8a880000, 0x00007fe213b00000)
  object space 29909504K, 82% used [0x00007fc769000000,0x00007fcd48c41030,0x00007fce8a880000)
 Metaspace       used 134288K, capacity 148347K, committed 165376K, reserved 165888K
Event: 552.888 GC heap after
Heap after GC invocations=73 (full 9):
 PSYoungGen      total 26573824K, used 1705938K [0x00007fe213b00000, 0x00007fe8fb780000, 0x00007fef69000000)
  eden space 24241664K, 0% used [0x00007fe213b00000,0x00007fe213b00000,0x00007fe7db480000)
  from space 2332160K, 73% used [0x00007fe86d200000,0x00007fe8d53f4960,0x00007fe8fb780000)
  to   space 2360832K, 0% used [0x00007fe7db480000,0x00007fe7db480000,0x00007fe86b600000)
 ParOldGen       total 29909504K, used 24651691K [0x00007fc769000000, 0x00007fce8a880000, 0x00007fe213b00000)
  object space 29909504K, 82% used [0x00007fc769000000,0x00007fcd499eaf20,0x00007fce8a880000)
 Metaspace       used 134288K, capacity 148347K, committed 165376K, reserved 165888K
}
Event: 554.865 GC heap before
{Heap before GC invocations=74 (full 9):
 PSYoungGen      total 26573824K, used 25947602K [0x00007fe213b00000, 0x00007fe8fb780000, 0x00007fef69000000)
  eden space 24241664K, 100% used [0x00007fe213b00000,0x00007fe7db480000,0x00007fe7db480000)
  from space 2332160K, 73% used [0x00007fe86d200000,0x00007fe8d53f4960,0x00007fe8fb780000)
  to   space 2360832K, 0% used [0x00007fe7db480000,0x00007fe7db480000,0x00007fe86b600000)
 ParOldGen       total 29909504K, used 24652736K [0x00007fc769000000, 0x00007fce8a880000, 0x00007fe213b00000)
  object space 29909504K, 82% used [0x00007fc769000000,0x00007fcd49af0010,0x00007fce8a880000)
 Metaspace       used 134312K, capacity 148415K, committed 165632K, reserved 165888K
Event: 555.054 GC heap after
Heap after GC invocations=74 (full 9):
 PSYoungGen      total 26602496K, used 1263243K [0x00007fe213b00000, 0x00007fe953780000, 0x00007fef69000000)
  eden space 24241664K, 0% used [0x00007fe213b00000,0x00007fe213b00000,0x00007fe7db480000)
  from space 2360832K, 53% used [0x00007fe7db480000,0x00007fe828622f80,0x00007fe86b600000)
  to   space 2323456K, 0% used [0x00007fe8c5a80000,0x00007fe8c5a80000,0x00007fe953780000)
 ParOldGen       total 29909504K, used 24654275K [0x00007fc769000000, 0x00007fce8a880000, 0x00007fe213b00000)
  object space 29909504K, 82% used [0x00007fc769000000,0x00007fcd49c70ca0,0x00007fce8a880000)
 Metaspace       used 134312K, capacity 148415K, committed 165632K, reserved 165888K
}
Event: 556.771 GC heap before
{Heap before GC invocations=75 (full 9):
 PSYoungGen      total 26602496K, used 25504907K [0x00007fe213b00000, 0x00007fe953780000, 0x00007fef69000000)
  eden space 24241664K, 100% used [0x00007fe213b00000,0x00007fe7db480000,0x00007fe7db480000)
  from space 2360832K, 53% used [0x00007fe7db480000,0x00007fe828622f80,0x00007fe86b600000)
  to   space 2323456K, 0% used [0x00007fe8c5a80000,0x00007fe8c5a80000,0x00007fe953780000)
 ParOldGen       total 29909504K, used 24656229K [0x00007fc769000000, 0x00007fce8a880000, 0x00007fe213b00000)
  object space 29909504K, 82% used [0x00007fc769000000,0x00007fcd49e59460,0x00007fce8a880000)
 Metaspace       used 134325K, capacity 148415K, committed 165632K, reserved 165888K
Event: 556.893 GC heap after
Heap after GC invocations=75 (full 9):
 PSYoungGen      total 27855360K, used 1145179K [0x00007fe213b00000, 0x00007fe94b500000, 0x00007fef69000000)
  eden space 25665536K, 0% used [0x00007fe213b00000,0x00007fe213b00000,0x00007fe832300000)
  from space 2189824K, 52% used [0x00007fe8c5a80000,0x00007fe90b8d6f18,0x00007fe94b500000)
  to   space 2302976K, 0% used [0x00007fe832300000,0x00007fe832300000,0x00007fe8bec00000)
 ParOldGen       total 29909504K, used 24661100K [0x00007fc769000000, 0x00007fce8a880000, 0x00007fe213b00000)
  object space 29909504K, 82% used [0x00007fc769000000,0x00007fcd4a31b218,0x00007fce8a880000)
 Metaspace       used 134325K, capacity 148415K, committed 165632K, reserved 165888K
}
Event: 558.828 GC heap before
{Heap before GC invocations=76 (full 9):
 PSYoungGen      total 27855360K, used 26810715K [0x00007fe213b00000, 0x00007fe94b500000, 0x00007fef69000000)
  eden space 25665536K, 100% used [0x00007fe213b00000,0x00007fe832300000,0x00007fe832300000)
  from space 2189824K, 52% used [0x00007fe8c5a80000,0x00007fe90b8d6f18,0x00007fe94b500000)
  to   space 2302976K, 0% used [0x00007fe832300000,0x00007fe832300000,0x00007fe8bec00000)
 ParOldGen       total 29909504K, used 24661114K [0x00007fc769000000, 0x00007fce8a880000, 0x00007fe213b00000)
  object space 29909504K, 82% used [0x00007fc769000000,0x00007fcd4a31eac8,0x00007fce8a880000)
 Metaspace       used 134337K, capacity 148483K, committed 165632K, reserved 165888K
Event: 558.933 GC heap after
Heap after GC invocations=76 (full 9):
 PSYoungGen      total 27968512K, used 1058797K [0x00007fe213b00000, 0x00007fe99e200000, 0x00007fef69000000)
  eden space 25665536K, 0% used [0x00007fe213b00000,0x00007fe213b00000,0x00007fe832300000)
  from space 2302976K, 45% used [0x00007fe832300000,0x00007fe872cfb420,0x00007fe8bec00000)
  to   space 2289152K, 0% used [0x00007fe912680000,0x00007fe912680000,0x00007fe99e200000)
 ParOldGen       total 29909504K, used 24663900K [0x00007fc769000000, 0x00007fce8a880000, 0x00007fe213b00000)
  object space 29909504K, 82% used [0x00007fc769000000,0x00007fcd4a5d7018,0x00007fce8a880000)
 Metaspace       used 134337K, capacity 148483K, committed 165632K, reserved 165888K
}
Event: 560.819 GC heap before
{Heap before GC invocations=77 (full 9):
 PSYoungGen      total 27968512K, used 26724333K [0x00007fe213b00000, 0x00007fe99e200000, 0x00007fef69000000)
  eden space 25665536K, 100% used [0x00007fe213b00000,0x00007fe832300000,0x00007fe832300000)
  from space 2302976K, 45% used [0x00007fe832300000,0x00007fe872cfb420,0x00007fe8bec00000)
  to   space 2289152K, 0% used [0x00007fe912680000,0x00007fe912680000,0x00007fe99e200000)
 ParOldGen       total 29909504K, used 24663903K [0x00007fc769000000, 0x00007fce8a880000, 0x00007fe213b00000)
  object space 29909504K, 82% used [0x00007fc769000000,0x00007fcd4a5d7e40,0x00007fce8a880000)
 Metaspace       used 134406K, capacity 148615K, committed 165632K, reserved 165888K
Event: 560.957 GC heap after
Heap after GC invocations=77 (full 9):
 PSYoungGen      total 29172224K, used 1153308K [0x00007fe213b00000, 0x00007fe996980000, 0x00007fef69000000)
  eden space 27006464K, 0% used [0x00007fe213b00000,0x00007fe213b00000,0x00007fe884080000)
  from space 2165760K, 53% used [0x00007fe912680000,0x00007fe958cc72c8,0x00007fe996980000)
  to   space 2249216K, 0% used [0x00007fe884080000,0x00007fe884080000,0x00007fe90d500000)
 ParOldGen       total 29909504K, used 24666265K [0x00007fc769000000, 0x00007fce8a880000, 0x00007fe213b00000)
  object space 29909504K, 82% used [0x00007fc769000000,0x00007fcd4a826400,0x00007fce8a880000)
 Metaspace       used 134406K, capacity 148615K, committed 165632K, reserved 165888K
}
Event: 562.956 GC heap before
{Heap before GC invocations=78 (full 9):
 PSYoungGen      total 29172224K, used 28159772K [0x00007fe213b00000, 0x00007fe996980000, 0x00007fef69000000)
  eden space 27006464K, 100% used [0x00007fe213b00000,0x00007fe884080000,0x00007fe884080000)
  from space 2165760K, 53% used [0x00007fe912680000,0x00007fe958cc72c8,0x00007fe996980000)
  to   space 2249216K, 0% used [0x00007fe884080000,0x00007fe884080000,0x00007fe90d500000)
 ParOldGen       total 29909504K, used 24668172K [0x00007fc769000000, 0x00007fce8a880000, 0x00007fe213b00000)
  object space 29909504K, 82% used [0x00007fc769000000,0x00007fcd4aa03348,0x00007fce8a880000)
 Metaspace       used 134408K, capacity 148615K, committed 165632K, reserved 165888K
Event: 563.072 GC heap after
Heap after GC invocations=78 (full 9):
 PSYoungGen      total 29255680K, used 1089153K [0x00007fe213b00000, 0x00007fe9e3d80000, 0x00007fef69000000)
  eden space 27006464K, 0% used [0x00007fe213b00000,0x00007fe213b00000,0x00007fe884080000)
  from space 2249216K, 48% used [0x00007fe884080000,0x00007fe8c6820488,0x00007fe90d500000)
  to   space 2217472K, 0% used [0x00007fe95c800000,0x00007fe95c800000,0x00007fe9e3d80000)
 ParOldGen       total 29909504K, used 24669975K [0x00007fc769000000, 0x00007fce8a880000, 0x00007fe213b00000)
  object space 29909504K, 82% used [0x00007fc769000000,0x00007fcd4abc5cb8,0x00007fce8a880000)
 Metaspace       used 134408K, capacity 148615K, committed 165632K, reserved 165888K
}
Event: 564.988 GC heap before
{Heap before GC invocations=79 (full 9):
 PSYoungGen      total 29255680K, used 28095617K [0x00007fe213b00000, 0x00007fe9e3d80000, 0x00007fef69000000)
  eden space 27006464K, 100% used [0x00007fe213b00000,0x00007fe884080000,0x00007fe884080000)
  from space 2249216K, 48% used [0x00007fe884080000,0x00007fe8c6820488,0x00007fe90d500000)
  to   space 2217472K, 0% used [0x00007fe95c800000,0x00007fe95c800000,0x00007fe9e3d80000)
 ParOldGen       total 29909504K, used 24670364K [0x00007fc769000000, 0x00007fce8a880000, 0x00007fe213b00000)
  object space 29909504K, 82% used [0x00007fc769000000,0x00007fcd4ac271e0,0x00007fce8a880000)
 Metaspace       used 134420K, capacity 148683K, committed 165888K, reserved 165888K
Event: 565.121 GC heap after
Heap after GC invocations=79 (full 9):
 PSYoungGen      total 30485504K, used 912605K [0x00007fe213b00000, 0x00007fe9e1580000, 0x00007fef69000000)
  eden space 28308992K, 0% used [0x00007fe213b00000,0x00007fe213b00000,0x00007fe8d3880000)
  from space 2176512K, 41% used [0x00007fe95c800000,0x00007fe994337460,0x00007fe9e1580000)
  to   space 2210304K, 0% used [0x00007fe8d3880000,0x00007fe8d3880000,0x00007fe95a700000)
 ParOldGen       total 29909504K, used 24674772K [0x00007fc769000000, 0x00007fce8a880000, 0x00007fe213b00000)
  object space 29909504K, 82% used [0x00007fc769000000,0x00007fcd4b0750f8,0x00007fce8a880000)
 Metaspace       used 134420K, capacity 148683K, committed 165888K, reserved 165888K
}
Event: 567.118 GC heap before
{Heap before GC invocations=80 (full 9):
 PSYoungGen      total 30485504K, used 29221597K [0x00007fe213b00000, 0x00007fe9e1580000, 0x00007fef69000000)
  eden space 28308992K, 100% used [0x00007fe213b00000,0x00007fe8d3880000,0x00007fe8d3880000)
  from space 2176512K, 41% used [0x00007fe95c800000,0x00007fe994337460,0x00007fe9e1580000)
  to   space 2210304K, 0% used [0x00007fe8d3880000,0x00007fe8d3880000,0x00007fe95a700000)
 ParOldGen       total 29909504K, used 24674773K [0x00007fc769000000, 0x00007fce8a880000, 0x00007fe213b00000)
  object space 29909504K, 82% used [0x00007fc769000000,0x00007fcd4b0756e0,0x00007fce8a880000)
 Metaspace       used 134428K, capacity 148687K, committed 165888K, reserved 165888K
Event: 567.244 GC heap after
Heap after GC invocations=80 (full 9):
 PSYoungGen      total 30519296K, used 1047811K [0x00007fe213b00000, 0x00007fea2ce00000, 0x00007fef69000000)
  eden space 28308992K, 0% used [0x00007fe213b00000,0x00007fe213b00000,0x00007fe8d3880000)
  from space 2210304K, 47% used [0x00007fe8d3880000,0x00007fe9137c0de8,0x00007fe95a700000)
  to   space 2168320K, 0% used [0x00007fe9a8880000,0x00007fe9a8880000,0x00007fea2ce00000)
 ParOldGen       total 29909504K, used 24677107K [0x00007fc769000000, 0x00007fce8a880000, 0x00007fe213b00000)
  object space 29909504K, 82% used [0x00007fc769000000,0x00007fcd4b2bcc18,0x00007fce8a880000)
 Metaspace       used 134428K, capacity 148687K, committed 165888K, reserved 165888K
}
Event: 569.213 GC heap before
{Heap before GC invocations=81 (full 9):
 PSYoungGen      total 30519296K, used 29356803K [0x00007fe213b00000, 0x00007fea2ce00000, 0x00007fef69000000)
  eden space 28308992K, 100% used [0x00007fe213b00000,0x00007fe8d3880000,0x00007fe8d3880000)
  from space 2210304K, 47% used [0x00007fe8d3880000,0x00007fe9137c0de8,0x00007fe95a700000)
  to   space 2168320K, 0% used [0x00007fe9a8880000,0x00007fe9a8880000,0x00007fea2ce00000)
 ParOldGen       total 29909504K, used 24677371K [0x00007fc769000000, 0x00007fce8a880000, 0x00007fe213b00000)
  object space 29909504K, 82% used [0x00007fc769000000,0x00007fcd4b2fedf0,0x00007fce8a880000)
 Metaspace       used 134441K, capacity 148755K, committed 165888K, reserved 165888K
Event: 569.396 GC heap after
Heap after GC invocations=81 (full 9):
 PSYoungGen      total 31816704K, used 1064313K [0x00007fe213b00000, 0x00007fea2b080000, 0x00007fef69000000)
  eden space 29678592K, 0% used [0x00007fe213b00000,0x00007fe213b00000,0x00007fe927200000)
  from space 2138112K, 49% used [0x00007fe9a8880000,0x00007fe9e97de7a0,0x00007fea2b080000)
  to   space 2120192K, 0% used [0x00007fe927200000,0x00007fe927200000,0x00007fe9a8880000)
 ParOldGen       total 29909504K, used 24682928K [0x00007fc769000000, 0x00007fce8a880000, 0x00007fe213b00000)
  object space 29909504K, 82% used [0x00007fc769000000,0x00007fcd4b86c1d8,0x00007fce8a880000)
 Metaspace       used 134441K, capacity 148755K, committed 165888K, reserved 165888K
}
Event: 571.688 GC heap before
{Heap before GC invocations=82 (full 9):
 PSYoungGen      total 31816704K, used 30742905K [0x00007fe213b00000, 0x00007fea2b080000, 0x00007fef69000000)
  eden space 29678592K, 100% used [0x00007fe213b00000,0x00007fe927200000,0x00007fe927200000)
  from space 2138112K, 49% used [0x00007fe9a8880000,0x00007fe9e97de7a0,0x00007fea2b080000)
  to   space 2120192K, 0% used [0x00007fe927200000,0x00007fe927200000,0x00007fe9a8880000)
 ParOldGen       total 29909504K, used 24682928K [0x00007fc769000000, 0x00007fce8a880000, 0x00007fe213b00000)
  object space 29909504K, 82% used [0x00007fc769000000,0x00007fcd4b86c1d8,0x00007fce8a880000)
 Metaspace       used 134464K, capacity 148819K, committed 165888K, reserved 165888K
Event: 571.793 GC heap after
Heap after GC invocations=82 (full 9):
 PSYoungGen      total 31798784K, used 1242224K [0x00007fe213b00000, 0x00007fea72300000, 0x00007fef69000000)
  eden space 29678592K, 0% used [0x00007fe213b00000,0x00007fe213b00000,0x00007fe927200000)
  from space 2120192K, 58% used [0x00007fe927200000,0x00007fe972f1c1a8,0x00007fe9a8880000)
  to   space 2040832K, 0% used [0x00007fe9f5a00000,0x00007fe9f5a00000,0x00007fea72300000)
 ParOldGen       total 29909504K, used 24689114K [0x00007fc769000000, 0x00007fce8a880000, 0x00007fe213b00000)
  object space 29909504K, 82% used [0x00007fc769000000,0x00007fcd4be769f8,0x00007fce8a880000)
 Metaspace       used 134464K, capacity 148819K, committed 165888K, reserved 165888K
}
Event: 573.888 GC heap before
{Heap before GC invocations=83 (full 9):
 PSYoungGen      total 31798784K, used 30920816K [0x00007fe213b00000, 0x00007fea72300000, 0x00007fef69000000)
  eden space 29678592K, 100% used [0x00007fe213b00000,0x00007fe927200000,0x00007fe927200000)
  from space 2120192K, 58% used [0x00007fe927200000,0x00007fe972f1c1a8,0x00007fe9a8880000)
  to   space 2040832K, 0% used [0x00007fe9f5a00000,0x00007fe9f5a00000,0x00007fea72300000)
 ParOldGen       total 29909504K, used 24690536K [0x00007fc769000000, 0x00007fce8a880000, 0x00007fe213b00000)
  object space 29909504K, 82% used [0x00007fc769000000,0x00007fcd4bfda260,0x00007fce8a880000)
 Metaspace       used 134464K, capacity 148819K, committed 165888K, reserved 165888K
Event: 574.074 GC heap after
Heap after GC invocations=83 (full 9):
 PSYoungGen      total 33067520K, used 1165041K [0x00007fe213b00000, 0x00007fea6ee80000, 0x00007fef69000000)
  eden space 31080448K, 0% used [0x00007fe213b00000,0x00007fe213b00000,0x00007fe97cb00000)
  from space 1987072K, 58% used [0x00007fe9f5a00000,0x00007fea3cbbc4b0,0x00007fea6ee80000)
  to   space 1981440K, 0% used [0x00007fe97cb00000,0x00007fe97cb00000,0x00007fe9f5a00000)
 ParOldGen       total 29909504K, used 24698811K [0x00007fc769000000, 0x00007fce8a880000, 0x00007fe213b00000)
  object space 29909504K, 82% used [0x00007fc769000000,0x00007fcd4c7eed78,0x00007fce8a880000)
 Metaspace       used 134464K, capacity 148819K, committed 165888K, reserved 165888K
}
Event: 576.268 GC heap before
{Heap before GC invocations=84 (full 9):
 PSYoungGen      total 33067520K, used 32245489K [0x00007fe213b00000, 0x00007fea6ee80000, 0x00007fef69000000)
  eden space 31080448K, 100% used [0x00007fe213b00000,0x00007fe97cb00000,0x00007fe97cb00000)
  from space 1987072K, 58% used [0x00007fe9f5a00000,0x00007fea3cbbc4b0,0x00007fea6ee80000)
  to   space 1981440K, 0% used [0x00007fe97cb00000,0x00007fe97cb00000,0x00007fe9f5a00000)
 ParOldGen       total 29909504K, used 24699184K [0x00007fc769000000, 0x00007fce8a880000, 0x00007fe213b00000)
  object space 29909504K, 82% used [0x00007fc769000000,0x00007fcd4c84c270,0x00007fce8a880000)
 Metaspace       used 134483K, capacity 148891K, committed 165888K, reserved 165888K
Event: 576.376 GC heap after
Heap after GC invocations=84 (full 9):
 PSYoungGen      total 33061888K, used 875698K [0x00007fe213b00000, 0x00007feac1e00000, 0x00007fef69000000)
  eden space 31080448K, 0% used [0x00007fe213b00000,0x00007fe213b00000,0x00007fe97cb00000)
  from space 1981440K, 44% used [0x00007fe97cb00000,0x00007fe9b222c9b8,0x00007fe9f5a00000)
  to   space 1974272K, 0% used [0x00007fea49600000,0x00007fea49600000,0x00007feac1e00000)
 ParOldGen       total 29909504K, used 24703350K [0x00007fc769000000, 0x00007fce8a880000, 0x00007fe213b00000)
  object space 29909504K, 82% used [0x00007fc769000000,0x00007fcd4cc5d900,0x00007fce8a880000)
 Metaspace       used 134483K, capacity 148891K, committed 165888K, reserved 165888K
}
Event: 578.814 GC heap before
{Heap before GC invocations=85 (full 9):
 PSYoungGen      total 33061888K, used 31956146K [0x00007fe213b00000, 0x00007feac1e00000, 0x00007fef69000000)
  eden space 31080448K, 100% used [0x00007fe213b00000,0x00007fe97cb00000,0x00007fe97cb00000)
  from space 1981440K, 44% used [0x00007fe97cb00000,0x00007fe9b222c9b8,0x00007fe9f5a00000)
  to   space 1974272K, 0% used [0x00007fea49600000,0x00007fea49600000,0x00007feac1e00000)
 ParOldGen       total 29909504K, used 24703353K [0x00007fc769000000, 0x00007fce8a880000, 0x00007fe213b00000)
  object space 29909504K, 82% used [0x00007fc769000000,0x00007fcd4cc5e608,0x00007fce8a880000)
 Metaspace       used 134496K, capacity 148959K, committed 166144K, reserved 167936K
Event: 578.933 GC heap after
Heap after GC invocations=85 (full 9):
 PSYoungGen      total 34267136K, used 844331K [0x00007fe213b00000, 0x00007feabc180000, 0x00007fef69000000)
  eden space 32387584K, 0% used [0x00007fe213b00000,0x00007fe213b00000,0x00007fe9cc780000)
  from space 1879552K, 44% used [0x00007fea49600000,0x00007fea7ce8ae30,0x00007feabc180000)
  to   space 1963008K, 0% used [0x00007fe9cc780000,0x00007fe9cc780000,0x00007fea44480000)
 ParOldGen       total 29909504K, used 24714846K [0x00007fc769000000, 0x00007fce8a880000, 0x00007fe213b00000)
  object space 29909504K, 82% used [0x00007fc769000000,0x00007fcd4d797aa8,0x00007fce8a880000)
 Metaspace       used 134496K, capacity 148959K, committed 166144K, reserved 167936K
}
Event: 581.174 GC heap before
{Heap before GC invocations=86 (full 9):
 PSYoungGen      total 34267136K, used 33231915K [0x00007fe213b00000, 0x00007feabc180000, 0x00007fef69000000)
  eden space 32387584K, 100% used [0x00007fe213b00000,0x00007fe9cc780000,0x00007fe9cc780000)
  from space 1879552K, 44% used [0x00007fea49600000,0x00007fea7ce8ae30,0x00007feabc180000)
  to   space 1963008K, 0% used [0x00007fe9cc780000,0x00007fe9cc780000,0x00007fea44480000)
 ParOldGen       total 29909504K, used 24714846K [0x00007fc769000000, 0x00007fce8a880000, 0x00007fe213b00000)
  object space 29909504K, 82% used [0x00007fc769000000,0x00007fcd4d797aa8,0x00007fce8a880000)
 Metaspace       used 134496K, capacity 148959K, committed 166144K, reserved 167936K
Event: 581.351 GC heap after
Heap after GC invocations=86 (full 9):
 PSYoungGen      total 34350592K, used 1338154K [0x00007fe213b00000, 0x00007feb10780000, 0x00007fef69000000)
  eden space 32387584K, 0% used [0x00007fe213b00000,0x00007fe213b00000,0x00007fe9cc780000)
  from space 1963008K, 68% used [0x00007fe9cc780000,0x00007fea1e24a970,0x00007fea44480000)
  to   space 1942528K, 0% used [0x00007fea99e80000,0x00007fea99e80000,0x00007feb10780000)
 ParOldGen       total 29909504K, used 24723991K [0x00007fc769000000, 0x00007fce8a880000, 0x00007fe213b00000)
  object space 29909504K, 82% used [0x00007fc769000000,0x00007fcd4e085ee0,0x00007fce8a880000)
 Metaspace       used 134496K, capacity 148959K, committed 166144K, reserved 167936K
}
Event: 583.575 GC heap before
{Heap before GC invocations=87 (full 9):
 PSYoungGen      total 34350592K, used 33725738K [0x00007fe213b00000, 0x00007feb10780000, 0x00007fef69000000)
  eden space 32387584K, 100% used [0x00007fe213b00000,0x00007fe9cc780000,0x00007fe9cc780000)
  from space 1963008K, 68% used [0x00007fe9cc780000,0x00007fea1e24a970,0x00007fea44480000)
  to   space 1942528K, 0% used [0x00007fea99e80000,0x00007fea99e80000,0x00007feb10780000)
 ParOldGen       total 29909504K, used 24723991K [0x00007fc769000000, 0x00007fce8a880000, 0x00007fe213b00000)
  object space 29909504K, 82% used [0x00007fc769000000,0x00007fcd4e085fc0,0x00007fce8a880000)
 Metaspace       used 134507K, capacity 149023K, committed 166144K, reserved 167936K
Event: 583.758 GC heap after
Heap after GC invocations=87 (full 9):
 PSYoungGen      total 35770880K, used 1353120K [0x00007fe213b00000, 0x00007feb12080000, 0x00007fef69000000)
  eden space 33828352K, 0% used [0x00007fe213b00000,0x00007fe213b00000,0x00007fea24680000)
  from space 1942528K, 69% used [0x00007fea99e80000,0x00007feaec7e8148,0x00007feb10780000)
  to   space 1925120K, 0% used [0x00007fea24680000,0x00007fea24680000,0x00007fea99e80000)
 ParOldGen       total 29909504K, used 24728091K [0x00007fc769000000, 0x00007fce8a880000, 0x00007fe213b00000)
  object space 29909504K, 82% used [0x00007fc769000000,0x00007fcd4e486f50,0x00007fce8a880000)
 Metaspace       used 134507K, capacity 149023K, committed 166144K, reserved 167936K
}
Event: 586.075 GC heap before
{Heap before GC invocations=88 (full 9):
 PSYoungGen      total 35770880K, used 35181472K [0x00007fe213b00000, 0x00007feb12080000, 0x00007fef69000000)
  eden space 33828352K, 100% used [0x00007fe213b00000,0x00007fea24680000,0x00007fea24680000)
  from space 1942528K, 69% used [0x00007fea99e80000,0x00007feaec7e8148,0x00007feb10780000)
  to   space 1925120K, 0% used [0x00007fea24680000,0x00007fea24680000,0x00007fea99e80000)
 ParOldGen       total 29909504K, used 24732580K [0x00007fc769000000, 0x00007fce8a880000, 0x00007fe213b00000)
  object space 29909504K, 82% used [0x00007fc769000000,0x00007fcd4e8e90c0,0x00007fce8a880000)
 Metaspace       used 134519K, capacity 149091K, committed 166144K, reserved 167936K
Event: 586.217 GC heap after
Heap after GC invocations=88 (full 9):
 PSYoungGen      total 35753472K, used 1544500K [0x00007fe213b00000, 0x00007feb71c00000, 0x00007fef69000000)
  eden space 33828352K, 0% used [0x00007fe213b00000,0x00007fe213b00000,0x00007fea24680000)
  from space 1925120K, 80% used [0x00007fea24680000,0x00007fea82acd3c8,0x00007fea99e80000)
  to   space 1976320K, 0% used [0x00007feaf9200000,0x00007feaf9200000,0x00007feb71c00000)
 ParOldGen       total 29909504K, used 24736840K [0x00007fc769000000, 0x00007fce8a880000, 0x00007fe213b00000)
  object space 29909504K, 82% used [0x00007fc769000000,0x00007fcd4ed12058,0x00007fce8a880000)
 Metaspace       used 134519K, capacity 149091K, committed 166144K, reserved 167936K
}
Event: 588.557 GC heap before
{Heap before GC invocations=89 (full 9):
 PSYoungGen      total 35753472K, used 35372852K [0x00007fe213b00000, 0x00007feb71c00000, 0x00007fef69000000)
  eden space 33828352K, 100% used [0x00007fe213b00000,0x00007fea24680000,0x00007fea24680000)
  from space 1925120K, 80% used [0x00007fea24680000,0x00007fea82acd3c8,0x00007fea99e80000)
  to   space 1976320K, 0% used [0x00007feaf9200000,0x00007feaf9200000,0x00007feb71c00000)
 ParOldGen       total 29909504K, used 24742600K [0x00007fc769000000, 0x00007fce8a880000, 0x00007fe213b00000)
  object space 29909504K, 82% used [0x00007fc769000000,0x00007fcd4f2b2058,0x00007fce8a880000)
 Metaspace       used 134519K, capacity 149091K, committed 166144K, reserved 167936K
Event: 588.823 GC heap after
Heap after GC invocations=89 (full 9):
 PSYoungGen      total 37348864K, used 1348698K [0x00007fe213b00000, 0x00007feb77d80000, 0x00007fef69000000)
  eden space 35372544K, 0% used [0x00007fe213b00000,0x00007fe213b00000,0x00007fea82a80000)
  from space 1976320K, 68% used [0x00007feaf9200000,0x00007feb4b716bc0,0x00007feb71c00000)
  to   space 1940992K, 0% used [0x00007fea82a80000,0x00007fea82a80000,0x00007feaf9200000)
 ParOldGen       total 29909504K, used 24749784K [0x00007fc769000000, 0x00007fce8a880000, 0x00007fe213b00000)
  object space 29909504K, 82% used [0x00007fc769000000,0x00007fcd4f9b6288,0x00007fce8a880000)
 Metaspace       used 134519K, capacity 149091K, committed 166144K, reserved 167936K
}
Event: 591.317 GC heap before
{Heap before GC invocations=90 (full 9):
 PSYoungGen      total 37348864K, used 36721242K [0x00007fe213b00000, 0x00007feb77d80000, 0x00007fef69000000)
  eden space 35372544K, 100% used [0x00007fe213b00000,0x00007fea82a80000,0x00007fea82a80000)
  from space 1976320K, 68% used [0x00007feaf9200000,0x00007feb4b716bc0,0x00007feb71c00000)
  to   space 1940992K, 0% used [0x00007fea82a80000,0x00007fea82a80000,0x00007feaf9200000)
 ParOldGen       total 29909504K, used 24751100K [0x00007fc769000000, 0x00007fce8a880000, 0x00007fe213b00000)
  object space 29909504K, 82% used [0x00007fc769000000,0x00007fcd4faff148,0x00007fce8a880000)
 Metaspace       used 134532K, capacity 149159K, committed 166144K, reserved 167936K
Event: 591.419 GC heap after
Heap after GC invocations=90 (full 9):
 PSYoungGen      total 37313536K, used 1250535K [0x00007fe213b00000, 0x00007febc8d00000, 0x00007fef69000000)
  eden space 35372544K, 0% used [0x00007fe213b00000,0x00007fe213b00000,0x00007fea82a80000)
  from space 1940992K, 64% used [0x00007fea82a80000,0x00007feacefb9ca8,0x00007feaf9200000)
  to   space 1873920K, 0% used [0x00007feb56700000,0x00007feb56700000,0x00007febc8d00000)
 ParOldGen       total 29909504K, used 24756412K [0x00007fc769000000, 0x00007fce8a880000, 0x00007fe213b00000)
  object space 29909504K, 82% used [0x00007fc769000000,0x00007fcd5002f100,0x00007fce8a880000)
 Metaspace       used 134532K, capacity 149159K, committed 166144K, reserved 167936K
}
Event: 593.768 GC heap before
{Heap before GC invocations=91 (full 9):
 PSYoungGen      total 37313536K, used 36623079K [0x00007fe213b00000, 0x00007febc8d00000, 0x00007fef69000000)
  eden space 35372544K, 100% used [0x00007fe213b00000,0x00007fea82a80000,0x00007fea82a80000)
  from space 1940992K, 64% used [0x00007fea82a80000,0x00007feacefb9ca8,0x00007feaf9200000)
  to   space 1873920K, 0% used [0x00007feb56700000,0x00007feb56700000,0x00007febc8d00000)
 ParOldGen       total 29909504K, used 24756730K [0x00007fc769000000, 0x00007fce8a880000, 0x00007fe213b00000)
  object space 29909504K, 82% used [0x00007fc769000000,0x00007fcd5007eae8,0x00007fce8a880000)
 Metaspace       used 134539K, capacity 149163K, committed 166144K, reserved 167936K
Event: 593.939 GC heap after
Heap after GC invocations=91 (full 9):
 PSYoungGen      total 38753280K, used 1256291K [0x00007fe213b00000, 0x00007febc2580000, 0x00007fef69000000)
  eden space 36985344K, 0% used [0x00007fe213b00000,0x00007fe213b00000,0x00007feae5180000)
  from space 1767936K, 71% used [0x00007feb56700000,0x00007feba31d8c98,0x00007febc2580000)
  to   space 1812480K, 0% used [0x00007feae5180000,0x00007feae5180000,0x00007feb53b80000)
 ParOldGen       total 29909504K, used 24757471K [0x00007fc769000000, 0x00007fce8a880000, 0x00007fe213b00000)
  object space 29909504K, 82% used [0x00007fc769000000,0x00007fcd50137d10,0x00007fce8a880000)
 Metaspace       used 134539K, capacity 149163K, committed 166144K, reserved 167936K
}
Event: 596.468 GC heap before
{Heap before GC invocations=92 (full 9):
 PSYoungGen      total 38753280K, used 38241635K [0x00007fe213b00000, 0x00007febc2580000, 0x00007fef69000000)
  eden space 36985344K, 100% used [0x00007fe213b00000,0x00007feae5180000,0x00007feae5180000)
  from space 1767936K, 71% used [0x00007feb56700000,0x00007feba31d8c98,0x00007febc2580000)
  to   space 1812480K, 0% used [0x00007feae5180000,0x00007feae5180000,0x00007feb53b80000)
 ParOldGen       total 29909504K, used 24759233K [0x00007fc769000000, 0x00007fce8a880000, 0x00007fe213b00000)
  object space 29909504K, 82% used [0x00007fc769000000,0x00007fcd502f0668,0x00007fce8a880000)
 Metaspace       used 134546K, capacity 149227K, committed 166400K, reserved 167936K
Event: 596.588 GC heap after
Heap after GC invocations=92 (full 9):
 PSYoungGen      total 38797824K, used 1812460K [0x00007fe213b00000, 0x00007fec35580000, 0x00007fef69000000)
  eden space 36985344K, 0% used [0x00007fe213b00000,0x00007fe213b00000,0x00007feae5180000)
  from space 1812480K, 99% used [0x00007feae5180000,0x00007feb53b7b398,0x00007feb53b80000)
  to   space 1963520K, 0% used [0x00007febbd800000,0x00007febbd800000,0x00007fec35580000)
 ParOldGen       total 29909504K, used 24761730K [0x00007fc769000000, 0x00007fce8a880000, 0x00007fe213b00000)
  object space 29909504K, 82% used [0x00007fc769000000,0x00007fcd50560868,0x00007fce8a880000)
 Metaspace       used 134546K, capacity 149227K, committed 166400K, reserved 167936K
}
Event: 599.115 GC heap before
{Heap before GC invocations=93 (full 9):
 PSYoungGen      total 38797824K, used 38797804K [0x00007fe213b00000, 0x00007fec35580000, 0x00007fef69000000)
  eden space 36985344K, 100% used [0x00007fe213b00000,0x00007feae5180000,0x00007feae5180000)
  from space 1812480K, 99% used [0x00007feae5180000,0x00007feb53b7b398,0x00007feb53b80000)
  to   space 1963520K, 0% used [0x00007febbd800000,0x00007febbd800000,0x00007fec35580000)
 ParOldGen       total 29909504K, used 24762299K [0x00007fc769000000, 0x00007fce8a880000, 0x00007fe213b00000)
  object space 29909504K, 82% used [0x00007fc769000000,0x00007fcd505eef88,0x00007fce8a880000)
 Metaspace       used 134552K, capacity 149231K, committed 166400K, reserved 167936K
Event: 599.332 GC heap after
Heap after GC invocations=93 (full 9):
 PSYoungGen      total 40572416K, used 1377295K [0x00007fe213b00000, 0x00007fec36180000, 0x00007fef69000000)
  eden space 38608896K, 0% used [0x00007fe213b00000,0x00007fe213b00000,0x00007feb48300000)
  from space 1963520K, 70% used [0x00007febbd800000,0x00007fec11903eb8,0x00007fec35580000)
  to   space 1922048K, 0% used [0x00007feb48300000,0x00007feb48300000,0x00007febbd800000)
 ParOldGen       total 29909504K, used 24769773K [0x00007fc769000000, 0x00007fce8a880000, 0x00007fe213b00000)
  object space 29909504K, 82% used [0x00007fc769000000,0x00007fcd50d3b538,0x00007fce8a880000)
 Metaspace       used 134552K, capacity 149231K, committed 166400K, reserved 167936K
}
Event: 601.915 GC heap before
{Heap before GC invocations=94 (full 9):
 PSYoungGen      total 40572416K, used 39986191K [0x00007fe213b00000, 0x00007fec36180000, 0x00007fef69000000)
  eden space 38608896K, 100% used [0x00007fe213b00000,0x00007feb48300000,0x00007feb48300000)
  from space 1963520K, 70% used [0x00007febbd800000,0x00007fec11903eb8,0x00007fec35580000)
  to   space 1922048K, 0% used [0x00007feb48300000,0x00007feb48300000,0x00007febbd800000)
 ParOldGen       total 29909504K, used 24771501K [0x00007fc769000000, 0x00007fce8a880000, 0x00007fe213b00000)
  object space 29909504K, 82% used [0x00007fc769000000,0x00007fcd50eeb700,0x00007fce8a880000)
 Metaspace       used 134558K, capacity 149295K, committed 166400K, reserved 167936K
Event: 602.010 GC heap after
Heap after GC invocations=94 (full 9):
 PSYoungGen      total 40530944K, used 1411895K [0x00007fe213b00000, 0x00007fec90a00000, 0x00007fef69000000)
  eden space 38608896K, 0% used [0x00007fe213b00000,0x00007fe213b00000,0x00007feb48300000)
  from space 1922048K, 73% used [0x00007feb48300000,0x00007feb9e5cdcd8,0x00007febbd800000)
  to   space 1896448K, 0% used [0x00007fec1ce00000,0x00007fec1ce00000,0x00007fec90a00000)
 ParOldGen       total 29909504K, used 24771501K [0x00007fc769000000, 0x00007fce8a880000, 0x00007fe213b00000)
  object space 29909504K, 82% used [0x00007fc769000000,0x00007fcd50eeb700,0x00007fce8a880000)
 Metaspace       used 134558K, capacity 149295K, committed 166400K, reserved 167936K
}
Event: 604.845 GC heap before
{Heap before GC invocations=95 (full 9):
 PSYoungGen      total 40530944K, used 40020791K [0x00007fe213b00000, 0x00007fec90a00000, 0x00007fef69000000)
  eden space 38608896K, 100% used [0x00007fe213b00000,0x00007feb48300000,0x00007feb48300000)
  from space 1922048K, 73% used [0x00007feb48300000,0x00007feb9e5cdcd8,0x00007febbd800000)
  to   space 1896448K, 0% used [0x00007fec1ce00000,0x00007fec1ce00000,0x00007fec90a00000)
 ParOldGen       total 29909504K, used 24771831K [0x00007fc769000000, 0x00007fce8a880000, 0x00007fe213b00000)
  object space 29909504K, 82% used [0x00007fc769000000,0x00007fcd50f3dee0,0x00007fce8a880000)
 Metaspace       used 134574K, capacity 149363K, committed 166400K, reserved 167936K
Event: 605.037 GC heap after
Heap after GC invocations=95 (full 9):
 PSYoungGen      total 42070016K, used 1546194K [0x00007fe213b00000, 0x00007fec95700000, 0x00007fef69000000)
  eden space 40173568K, 0% used [0x00007fe213b00000,0x00007fe213b00000,0x00007feba7b00000)
  from space 1896448K, 81% used [0x00007fec1ce00000,0x00007fec7b3f4928,0x00007fec90a00000)
  to   space 1920000K, 0% used [0x00007feba7b00000,0x00007feba7b00000,0x00007fec1ce00000)
 ParOldGen       total 29909504K, used 24772541K [0x00007fc769000000, 0x00007fce8a880000, 0x00007fe213b00000)
  object space 29909504K, 82% used [0x00007fc769000000,0x00007fcd50fef470,0x00007fce8a880000)
 Metaspace       used 134574K, capacity 149363K, committed 166400K, reserved 167936K
}
Event: 607.780 GC heap before
{Heap before GC invocations=96 (full 9):
 PSYoungGen      total 42070016K, used 41719762K [0x00007fe213b00000, 0x00007fec95700000, 0x00007fef69000000)
  eden space 40173568K, 100% used [0x00007fe213b00000,0x00007feba7b00000,0x00007feba7b00000)
  from space 1896448K, 81% used [0x00007fec1ce00000,0x00007fec7b3f4928,0x00007fec90a00000)
  to   space 1920000K, 0% used [0x00007feba7b00000,0x00007feba7b00000,0x00007fec1ce00000)
 ParOldGen       total 29909504K, used 24772943K [0x00007fc769000000, 0x00007fce8a880000, 0x00007fe213b00000)
  object space 29909504K, 82% used [0x00007fc769000000,0x00007fcd51053c30,0x00007fce8a880000)
 Metaspace       used 134580K, capacity 149367K, committed 166400K, reserved 167936K
Event: 607.891 GC heap after
Heap after GC invocations=96 (full 9):
 PSYoungGen      total 42093568K, used 1361254K [0x00007fe213b00000, 0x00007feceb680000, 0x00007fef69000000)
  eden space 40173568K, 0% used [0x00007fe213b00000,0x00007fe213b00000,0x00007feba7b00000)
  from space 1920000K, 70% used [0x00007feba7b00000,0x00007febfac598d8,0x00007fec1ce00000)
  to   space 1867264K, 0% used [0x00007fec79700000,0x00007fec79700000,0x00007feceb680000)
 ParOldGen       total 29909504K, used 24773599K [0x00007fc769000000, 0x00007fce8a880000, 0x00007fe213b00000)
  object space 29909504K, 82% used [0x00007fc769000000,0x00007fcd510f7ed0,0x00007fce8a880000)
 Metaspace       used 134580K, capacity 149367K, committed 166400K, reserved 167936K
}
Event: 610.628 GC heap before
{Heap before GC invocations=97 (full 9):
 PSYoungGen      total 42093568K, used 41534822K [0x00007fe213b00000, 0x00007feceb680000, 0x00007fef69000000)
  eden space 40173568K, 100% used [0x00007fe213b00000,0x00007feba7b00000,0x00007feba7b00000)
  from space 1920000K, 70% used [0x00007feba7b00000,0x00007febfac598d8,0x00007fec1ce00000)
  to   space 1867264K, 0% used [0x00007fec79700000,0x00007fec79700000,0x00007feceb680000)
 ParOldGen       total 29909504K, used 24773819K [0x00007fc769000000, 0x00007fce8a880000, 0x00007fe213b00000)
  object space 29909504K, 82% used [0x00007fc769000000,0x00007fcd5112ecd0,0x00007fce8a880000)
 Metaspace       used 134587K, capacity 149431K, committed 166400K, reserved 167936K
Event: 610.783 GC heap after
Heap after GC invocations=97 (full 9):
 PSYoungGen      total 43588608K, used 1106438K [0x00007fe213b00000, 0x00007fecea280000, 0x00007fef69000000)
  eden space 41741824K, 0% used [0x00007fe213b00000,0x00007fe213b00000,0x00007fec07680000)
  from space 1846784K, 59% used [0x00007fec79700000,0x00007fecbcf81968,0x00007fecea280000)
  to   space 1857536K, 0% used [0x00007fec07680000,0x00007fec07680000,0x00007fec78c80000)
 ParOldGen       total 29909504K, used 24774687K [0x00007fc769000000, 0x00007fce8a880000, 0x00007fe213b00000)
  object space 29909504K, 82% used [0x00007fc769000000,0x00007fcd51207e80,0x00007fce8a880000)
 Metaspace       used 134587K, capacity 149431K, committed 166400K, reserved 167936K
}
Event: 613.543 GC heap before
{Heap before GC invocations=98 (full 9):
 PSYoungGen      total 43588608K, used 42848262K [0x00007fe213b00000, 0x00007fecea280000, 0x00007fef69000000)
  eden space 41741824K, 100% used [0x00007fe213b00000,0x00007fec07680000,0x00007fec07680000)
  from space 1846784K, 59% used [0x00007fec79700000,0x00007fecbcf81968,0x00007fecea280000)
  to   space 1857536K, 0% used [0x00007fec07680000,0x00007fec07680000,0x00007fec78c80000)
 ParOldGen       total 29909504K, used 24774748K [0x00007fc769000000, 0x00007fce8a880000, 0x00007fe213b00000)
  object space 29909504K, 82% used [0x00007fc769000000,0x00007fcd512170f8,0x00007fce8a880000)
 Metaspace       used 134608K, capacity 149509K, committed 166656K, reserved 167936K
Event: 613.623 GC heap after
Heap after GC invocations=98 (full 9):
 PSYoungGen      total 43599360K, used 605307K [0x00007fe213b00000, 0x00007fed4c200000, 0x00007fef69000000)
  eden space 41741824K, 0% used [0x00007fe213b00000,0x00007fe213b00000,0x00007fec07680000)
  from space 1857536K, 32% used [0x00007fec07680000,0x00007fec2c59ef88,0x00007fec78c80000)
  to   space 1927168K, 0% used [0x00007fecd6800000,0x00007fecd6800000,0x00007fed4c200000)
 ParOldGen       total 29909504K, used 24779432K [0x00007fc769000000, 0x00007fce8a880000, 0x00007fe213b00000)
  object space 29909504K, 82% used [0x00007fc769000000,0x00007fcd516aa2f8,0x00007fce8a880000)
 Metaspace       used 134608K, capacity 149509K, committed 166656K, reserved 167936K
}
Event: 618.280 GC heap before
{Heap before GC invocations=99 (full 9):
 PSYoungGen      total 43599360K, used 42297689K [0x00007fe213b00000, 0x00007fed4c200000, 0x00007fef69000000)
  eden space 41741824K, 99% used [0x00007fe213b00000,0x00007fec04637658,0x00007fec07680000)
  from space 1857536K, 32% used [0x00007fec07680000,0x00007fec2c59ef88,0x00007fec78c80000)
  to   space 1927168K, 0% used [0x00007fecd6800000,0x00007fecd6800000,0x00007fed4c200000)
 ParOldGen       total 29909504K, used 24844968K [0x00007fc769000000, 0x00007fce8a880000, 0x00007fe213b00000)
  object space 29909504K, 83% used [0x00007fc769000000,0x00007fcd556aa310,0x00007fce8a880000)
 Metaspace       used 137495K, capacity 154155K, committed 167168K, reserved 167936K
Event: 622.966 GC heap after
Heap after GC invocations=99 (full 9):
 PSYoungGen      total 37058560K, used 1927152K [0x00007fe213b00000, 0x00007fef69000000, 0x00007fef69000000)
  eden space 35131392K, 0% used [0x00007fe213b00000,0x00007fe213b00000,0x00007fea73f00000)
  from space 1927168K, 99% used [0x00007fecd6800000,0x00007fed4c1fc078,0x00007fed4c200000)
  to   space 10003456K, 0% used [0x00007fea73f00000,0x00007fea73f00000,0x00007fecd6800000)
 ParOldGen       total 46182912K, used 46182691K [0x00007fc769000000, 0x00007fd26bc80000, 0x00007fe213b00000)
  object space 46182912K, 99% used [0x00007fc769000000,0x00007fd26bc48ee0,0x00007fd26bc80000)
 Metaspace       used 137495K, capacity 154155K, committed 167168K, reserved 167936K
}
Event: 622.966 GC heap before
{Heap before GC invocations=100 (full 10):
 PSYoungGen      total 37058560K, used 1927152K [0x00007fe213b00000, 0x00007fef69000000, 0x00007fef69000000)
  eden space 35131392K, 0% used [0x00007fe213b00000,0x00007fe213b00000,0x00007fea73f00000)
  from space 1927168K, 99% used [0x00007fecd6800000,0x00007fed4c1fc078,0x00007fed4c200000)
  to   space 10003456K, 0% used [0x00007fea73f00000,0x00007fea73f00000,0x00007fecd6800000)
 ParOldGen       total 46182912K, used 46182691K [0x00007fc769000000, 0x00007fd26bc80000, 0x00007fe213b00000)
  object space 46182912K, 99% used [0x00007fc769000000,0x00007fd26bc48ee0,0x00007fd26bc80000)
 Metaspace       used 137495K, capacity 154155K, committed 167168K, reserved 167936K
Event: 626.668 GC heap after
Heap after GC invocations=100 (full 10):
 PSYoungGen      total 37058560K, used 0K [0x00007fe213b00000, 0x00007fef69000000, 0x00007fef69000000)
  eden space 35131392K, 0% used [0x00007fe213b00000,0x00007fe213b00000,0x00007fea73f00000)
  from space 1927168K, 0% used [0x00007fecd6800000,0x00007fecd6800000,0x00007fed4c200000)
  to   space 10003456K, 0% used [0x00007fea73f00000,0x00007fea73f00000,0x00007fecd6800000)
 ParOldGen       total 54926336K, used 42069734K [0x00007fc769000000, 0x00007fd481700000, 0x00007fe213b00000)
  object space 54926336K, 76% used [0x00007fc769000000,0x00007fd170bb9b38,0x00007fd481700000)
 Metaspace       used 134126K, capacity 147676K, committed 167168K, reserved 167936K
}
Event: 629.890 GC heap before
{Heap before GC invocations=101 (full 10):
 PSYoungGen      total 37058560K, used 35131392K [0x00007fe213b00000, 0x00007fef69000000, 0x00007fef69000000)
  eden space 35131392K, 100% used [0x00007fe213b00000,0x00007fea73f00000,0x00007fea73f00000)
  from space 1927168K, 0% used [0x00007fecd6800000,0x00007fecd6800000,0x00007fed4c200000)
  to   space 10003456K, 0% used [0x00007fea73f00000,0x00007fea73f00000,0x00007fecd6800000)
 ParOldGen       total 54926336K, used 42627061K [0x00007fc769000000, 0x00007fd481700000, 0x00007fe213b00000)
  object space 54926336K, 77% used [0x00007fc769000000,0x00007fd192bfd608,0x00007fd481700000)
 Metaspace       used 134183K, capacity 147778K, committed 167168K, reserved 167936K
Event: 633.126 GC heap after
Heap after GC invocations=101 (full 10):
 PSYoungGen      total 45130240K, used 9998470K [0x00007fe213b00000, 0x00007fef69000000, 0x00007fef69000000)
  eden space 35131392K, 0% used [0x00007fe213b00000,0x00007fe213b00000,0x00007fea73f00000)
  from space 9998848K, 99% used [0x00007fea73f00000,0x00007fecd63218a0,0x00007fecd6380000)
  to   space 10793472K, 0% used [0x00007fecd6380000,0x00007fecd6380000,0x00007fef69000000)
 ParOldGen       total 66222080K, used 66220038K [0x00007fc769000000, 0x00007fd732e00000, 0x00007fe213b00000)
  object space 66222080K, 99% used [0x00007fc769000000,0x00007fd732c01828,0x00007fd732e00000)
 Metaspace       used 134183K, capacity 147778K, committed 167168K, reserved 167936K
}
Event: 633.126 GC heap before
{Heap before GC invocations=102 (full 11):
 PSYoungGen      total 45130240K, used 9998470K [0x00007fe213b00000, 0x00007fef69000000, 0x00007fef69000000)
  eden space 35131392K, 0% used [0x00007fe213b00000,0x00007fe213b00000,0x00007fea73f00000)
  from space 9998848K, 99% used [0x00007fea73f00000,0x00007fecd63218a0,0x00007fecd6380000)
  to   space 10793472K, 0% used [0x00007fecd6380000,0x00007fecd6380000,0x00007fef69000000)
 ParOldGen       total 66222080K, used 66220038K [0x00007fc769000000, 0x00007fd732e00000, 0x00007fe213b00000)
  object space 66222080K, 99% used [0x00007fc769000000,0x00007fd732c01828,0x00007fd732e00000)
 Metaspace       used 134183K, capacity 147778K, committed 167168K, reserved 167936K

